-- Selecting Windows SDK version 10.0.22000.0 to target Windows 10.0.22621.
-- The C compiler identification is MSVC 19.35.32217.1
-- The CXX compiler identification is MSVC 19.35.32217.1
-- Detecting C compiler ABI info
-- Detecting C compiler ABI info - done
-- Check for working C compiler: E:/Program Files/Microsoft Visual Studio/2022/Community/VC/Tools/MSVC/14.35.32215/bin/Hostx64/x64/cl.exe - skipped
-- Detecting C compile features
-- Detecting C compile features - done
-- Detecting CXX compiler ABI info
-- Detecting CXX compiler ABI info - done
-- Check for working CXX compiler: E:/Program Files/Microsoft Visual Studio/2022/Community/VC/Tools/MSVC/14.35.32215/bin/Hostx64/x64/cl.exe - skipped
-- Detecting CXX compile features
-- Detecting CXX compile features - done
-- Found ament_cmake: 0.9.11 (E:/dev/ros2_foxy/share/ament_cmake/cmake)
-- Found PythonInterp: C:/Python38/python.exe (found suitable version "3.8.3", minimum required is "3") 
-- Using PYTHON_EXECUTABLE: C:/Python38/python.exe
-- Found rclcpp: 2.4.2 (E:/dev/ros2_foxy/share/rclcpp/cmake)
-- Using all available rosidl_typesupport_c: rosidl_typesupport_connext_c;rosidl_typesupport_fastrtps_c;rosidl_typesupport_introspection_c
-- Found rosidl_adapter: 1.3.0 (E:/dev/ros2_foxy/share/rosidl_adapter/cmake)
-- Could not find RTI Connext - skipping rosidl_typesupport_connext_c
-- Could not find RTI Connext - skipping rosidl_typesupport_connext_cpp
-- Found OpenSSL: E:/anaconda3/Library/lib/libcrypto.lib (found version "1.1.1l")  
-- Found FastRTPS: E:/dev/ros2_foxy/include  
-- Using all available rosidl_typesupport_cpp: rosidl_typesupport_connext_cpp;rosidl_typesupport_fastrtps_cpp;rosidl_typesupport_introspection_cpp
-- Found rmw_implementation_cmake: 1.0.4 (E:/dev/ros2_foxy/share/rmw_implementation_cmake/cmake)
-- Using RMW implementation 'rmw_fastrtps_cpp' as default
-- Performing Test CMAKE_HAVE_LIBC_PTHREAD
-- Performing Test CMAKE_HAVE_LIBC_PTHREAD - Failed
-- Looking for pthread_create in pthreads
-- Looking for pthread_create in pthreads - not found
-- Looking for pthread_create in pthread
-- Looking for pthread_create in pthread - not found
-- Found Threads: TRUE  
-- Found std_msgs: 2.0.5 (E:/dev/ros2_foxy/share/std_msgs/cmake)
-- Configuring done (10.3s)
-- Generating done (0.2s)
-- Build files have been written to: E:/Projects/AUV/DROPLAB/ros_ws/build/cpp_pubsub
MSBuild version 17.5.1+f6fdcf537 for .NET Framework

  Checking Build System
  Building Custom Rule E:/Projects/AUV/DROPLAB/ros_ws/src/cpp_pubsub/CMakeLists.txt
  subscriber_member_function.cpp
  listener.vcxproj -> E:\Projects\AUV\DROPLAB\ros_ws\build\cpp_pubsub\Release\listener.exe
  Building Custom Rule E:/Projects/AUV/DROPLAB/ros_ws/src/cpp_pubsub/CMakeLists.txt
  publisher_member_function.cpp
  talker.vcxproj -> E:\Projects\AUV\DROPLAB\ros_ws\build\cpp_pubsub\Release\talker.exe
  Building Custom Rule E:/Projects/AUV/DROPLAB/ros_ws/src/cpp_pubsub/CMakeLists.txt
-- Installing: E:/Projects/AUV/DROPLAB/ros_ws/install/lib/cpp_pubsub/talker.exe
-- Installing: E:/Projects/AUV/DROPLAB/ros_ws/install/lib/cpp_pubsub/listener.exe
-- Installing: E:/Projects/AUV/DROPLAB/ros_ws/install/share/ament_index/resource_index/package_run_dependencies/cpp_pubsub
-- Installing: E:/Projects/AUV/DROPLAB/ros_ws/install/share/ament_index/resource_index/parent_prefix_path/cpp_pubsub
-- Installing: E:/Projects/AUV/DROPLAB/ros_ws/install/share/cpp_pubsub/environment/ament_prefix_path.bat
-- Installing: E:/Projects/AUV/DROPLAB/ros_ws/install/share/cpp_pubsub/environment/ament_prefix_path.dsv
-- Installing: E:/Projects/AUV/DROPLAB/ros_ws/install/share/cpp_pubsub/environment/path.bat
-- Installing: E:/Projects/AUV/DROPLAB/ros_ws/install/share/cpp_pubsub/environment/path.dsv
-- Installing: E:/Projects/AUV/DROPLAB/ros_ws/install/share/cpp_pubsub/local_setup.bat
-- Installing: E:/Projects/AUV/DROPLAB/ros_ws/install/share/cpp_pubsub/local_setup.dsv
-- Installing: E:/Projects/AUV/DROPLAB/ros_ws/install/share/cpp_pubsub/package.dsv
-- Installing: E:/Projects/AUV/DROPLAB/ros_ws/install/share/ament_index/resource_index/packages/cpp_pubsub
-- Installing: E:/Projects/AUV/DROPLAB/ros_ws/install/share/cpp_pubsub/cmake/cpp_pubsubConfig.cmake
-- Installing: E:/Projects/AUV/DROPLAB/ros_ws/install/share/cpp_pubsub/cmake/cpp_pubsubConfig-version.cmake
-- Installing: E:/Projects/AUV/DROPLAB/ros_ws/install/share/cpp_pubsub/package.xml
