[0.500s] Invoking command in 'E:\Projects\AUV\DROPLAB\ros_ws\build\cpp_pubsub': C:\Program Files\CMake\bin\cmake.EXE E:\Projects\AUV\DROPLAB\ros_ws\src\cpp_pubsub -DCMAKE_INSTALL_PREFIX=E:\Projects\AUV\DROPLAB\ros_ws\install
[0.531s] -- Selecting Windows SDK version 10.0.22000.0 to target Windows 10.0.22621.
[0.562s] -- Found ament_cmake: 0.9.11 (E:/dev/ros2_foxy/share/ament_cmake/cmake)
[0.640s] -- Using PYTHON_EXECUTABLE: C:/Python38/python.exe
[1.171s] -- Found rclcpp: 2.4.2 (E:/dev/ros2_foxy/share/rclcpp/cmake)
[1.234s] -- Using all available rosidl_typesupport_c: rosidl_typesupport_connext_c;rosidl_typesupport_fastrtps_c;rosidl_typesupport_introspection_c
[1.234s] -- Found rosidl_adapter: 1.3.0 (E:/dev/ros2_foxy/share/rosidl_adapter/cmake)
[1.656s] -- Could not find RTI Connext - skipping rosidl_typesupport_connext_c
[1.687s] -- Could not find RTI Connext - skipping rosidl_typesupport_connext_cpp
[5.875s] -- Using all available rosidl_typesupport_cpp: rosidl_typesupport_connext_cpp;rosidl_typesupport_fastrtps_cpp;rosidl_typesupport_introspection_cpp
[5.875s] -- Found rmw_implementation_cmake: 1.0.4 (E:/dev/ros2_foxy/share/rmw_implementation_cmake/cmake)
[5.890s] -- Using RMW implementation 'rmw_fastrtps_cpp' as default
[6.093s] -- Found std_msgs: 2.0.5 (E:/dev/ros2_foxy/share/std_msgs/cmake)
[6.328s] -- Configuring done (5.8s)
[6.562s] -- Generating done (0.2s)
[6.562s] -- Build files have been written to: E:/Projects/AUV/DROPLAB/ros_ws/build/cpp_pubsub
[6.578s] Invoked command in 'E:\Projects\AUV\DROPLAB\ros_ws\build\cpp_pubsub' returned '0': C:\Program Files\CMake\bin\cmake.EXE E:\Projects\AUV\DROPLAB\ros_ws\src\cpp_pubsub -DCMAKE_INSTALL_PREFIX=E:\Projects\AUV\DROPLAB\ros_ws\install
[6.593s] Invoking command in 'E:\Projects\AUV\DROPLAB\ros_ws\build\cpp_pubsub': CL=/MP C:\Program Files\CMake\bin\cmake.EXE --build E:\Projects\AUV\DROPLAB\ros_ws\build\cpp_pubsub --config Release
[6.796s] MSBuild version 17.5.1+f6fdcf537 for .NET Framework
[6.859s] 
[7.500s]   Checking Build System
[7.734s]   Building Custom Rule E:/Projects/AUV/DROPLAB/ros_ws/src/cpp_pubsub/CMakeLists.txt
[7.921s]   listener.vcxproj -> E:\Projects\AUV\DROPLAB\ros_ws\build\cpp_pubsub\Release\listener.exe
[8.015s]   Building Custom Rule E:/Projects/AUV/DROPLAB/ros_ws/src/cpp_pubsub/CMakeLists.txt
[8.156s]   publisher_member_function.cpp
[11.937s] publisher_member_function.obj : error LNK2019: unresolved external symbol "struct rosidl_message_type_support_t const * __cdecl rosidl_typesupport_cpp::get_message_type_support_handle<struct sensor_msgs::msg::Joy_<class std::allocator<void> > >(void)" (??$get_message_type_support_handle@U?$Joy_@V?$allocator@X@std@@@msg@sensor_msgs@@@rosidl_typesupport_cpp@@YAPEBUrosidl_message_type_support_t@@XZ) referenced in function "public: __cdecl rclcpp::Publisher<struct sensor_msgs::msg::Joy_<class std::allocator<void> >,class std::allocator<void> >::Publisher<struct sensor_msgs::msg::Joy_<class std::allocator<void> >,class std::allocator<void> >(class rclcpp::node_interfaces::NodeBaseInterface *,class std::basic_string<char,struct std::char_traits<char>,class std::allocator<char> > const &,class rclcpp::QoS const &,struct rclcpp::PublisherOptionsWithAllocator<class std::allocator<void> > const &)" (??0?$Publisher@U?$Joy_@V?$allocator@X@std@@@msg@sensor_msgs@@V?$allocator@X@std@@@rclcpp@@QEAA@PEAVNodeBaseInterface@node_interfaces@1@AEBV?$basic_string@DU?$char_traits@D@std@@V?$allocator@D@2@@std@@AEBVQoS@1@AEBU?$PublisherOptionsWithAllocator@V?$allocator@X@std@@@1@@Z) [E:\Projects\AUV\DROPLAB\ros_ws\build\cpp_pubsub\talker.vcxproj]
[11.937s] E:\Projects\AUV\DROPLAB\ros_ws\build\cpp_pubsub\Release\talker.exe : fatal error LNK1120: 1 unresolved externals [E:\Projects\AUV\DROPLAB\ros_ws\build\cpp_pubsub\talker.vcxproj]
[11.984s] Invoked command in 'E:\Projects\AUV\DROPLAB\ros_ws\build\cpp_pubsub' returned '1': CL=/MP C:\Program Files\CMake\bin\cmake.EXE --build E:\Projects\AUV\DROPLAB\ros_ws\build\cpp_pubsub --config Release
