[0.000000] (-) TimerEvent: {}
[0.000000] (-) JobUnselected: {'identifier': 'cpp_pubsub'}
[0.000000] (joystick_publisher) JobQueued: {'identifier': 'joystick_publisher', 'dependencies': OrderedDict()}
[0.000000] (joystick_publisher) JobStarted: {'identifier': 'joystick_publisher'}
[0.125000] (-) TimerEvent: {}
[0.235000] (-) TimerEvent: {}
[0.344000] (-) TimerEvent: {}
[0.453000] (-) TimerEvent: {}
[0.563000] (-) TimerEvent: {}
[0.688000] (-) TimerEvent: {}
[0.797000] (-) TimerEvent: {}
[0.907000] (-) TimerEvent: {}
[1.016000] (-) TimerEvent: {}
[1.125000] (-) TimerEvent: {}
[1.235000] (-) TimerEvent: {}
[1.344000] (-) TimerEvent: {}
[1.453000] (-) TimerEvent: {}
[1.563000] (-) TimerEvent: {}
[1.672000] (-) TimerEvent: {}
[1.860000] (-) TimerEvent: {}
[1.969000] (-) TimerEvent: {}
[2.078000] (-) TimerEvent: {}
[2.188000] (-) TimerEvent: {}
[2.297000] (-) TimerEvent: {}
[2.407000] (-) TimerEvent: {}
[2.516000] (-) TimerEvent: {}
[2.657000] (-) TimerEvent: {}
[2.735000] (joystick_publisher) Command: {'cmd': ['c:\\python38\\python.exe', 'setup.py', 'egg_info', '--egg-base', '..\\..\\build\\joystick_publisher', 'build', '--build-base', 'E:\\Projects\\AUV\\DROPLAB\\ros_ws\\build\\joystick_publisher\\build', 'install', '--record', 'E:\\Projects\\AUV\\DROPLAB\\ros_ws\\build\\joystick_publisher\\install.log', '--install-scripts', '$base/lib/joystick_publisher', '--single-version-externally-managed'], 'cwd': 'E:\\Projects\\AUV\\DROPLAB\\ros_ws\\src\\joystick_publisher', 'env': {'ADSK_3DSMAX_x64_2019': 'E:\\Program Files\\Autodesk\\3ds Max 2019\\', 'ADSK_3DSMAX_x64_2020': 'E:\\Program Files\\Autodesk\\3ds Max 2020\\', 'ALLUSERSPROFILE': 'C:\\ProgramData', 'AMENT_PREFIX_PATH': 'E:\\dev\\ros2_foxy', 'ANSYS222_DIR': 'E:\\Program Files\\ANSYS Inc\\ANSYS Student\\v222\\ANSYS', 'APPDATA': 'C:\\Users\\LorentzPie\\AppData\\Roaming', 'AWP_LOCALE222': 'en-us', 'AWP_ROOT222': 'E:\\Program Files\\ANSYS Inc\\ANSYS Student\\v222', 'CADOE_LIBDIR222': 'E:\\Program Files\\ANSYS Inc\\ANSYS Student\\v222\\CommonFiles\\Language\\en-us', 'ChocolateyInstall': 'C:\\ProgramData\\chocolatey', 'ChocolateyLastPathUpdate': '133292593384215774', 'CLion': 'E:\\Program Files\\JetBrains\\CLion 2022.2.1\\bin;', 'CMAKE_PREFIX_PATH': 'E:\\dev\\ros2_foxy', 'COLCON': '1', 'COLCON_PREFIX_PATH': 'E:\\dev\\ros2_foxy\\', 'CommonProgramFiles': 'C:\\Program Files\\Common Files', 'CommonProgramFiles(x86)': 'C:\\Program Files (x86)\\Common Files', 'CommonProgramW6432': 'C:\\Program Files\\Common Files', 'COMPUTERNAME': 'LAPTOP-P2S9LHVB', 'ComSpec': 'C:\\WINDOWS\\system32\\cmd.exe', 'CUDA_CACHE_MAXSIZE': '268435456', 'DriverData': 'C:\\Windows\\System32\\Drivers\\DriverData', 'EFC_28564': '1', 'FPS_BROWSER_APP_PROFILE_STRING': 'Internet Explorer', 'FPS_BROWSER_USER_PROFILE_STRING': 'Default', 'GOPATH': 'C:\\Users\\LorentzPie\\go', 'HOMEDRIVE': 'C:', 'HOMEPATH': '\\Users\\LorentzPie', 'INTEL_DEV_REDIST': 'C:\\Program Files (x86)\\Common Files\\Intel\\Shared Libraries\\', 'LOCALAPPDATA': 'C:\\Users\\LorentzPie\\AppData\\Local', 'LOGONSERVER': '\\\\LAPTOP-P2S9LHVB', 'LSTC_LICENSE': 'Ansys', 'MAYA_UI_LANGUAGE': 'en_US', 'McamLicensingStartMenuFolder': 'Mastercam Licensing Utilities', 'MIC_LD_LIBRARY_PATH': 'C:\\Program Files (x86)\\Common Files\\Intel\\Shared Libraries\\compiler\\lib\\mic', 'NUMBER_OF_PROCESSORS': '16', 'OneDrive': 'C:\\Users\\LorentzPie\\OneDrive', 'OpenCV_DIR': 'E:\\Program Files\\opencv-3.4.6-vc16.VS2019\\opencv', 'OPENSSL_CONF': 'C:\\Program Files\\OpenSSL-Win64\\bin\\openssl.cfg', 'OS': 'Windows_NT', 'Path': 'E:\\dev\\ros2_foxy\\opt\\yaml_cpp_vendor\\bin;E:\\dev\\ros2_foxy\\opt\\rviz_ogre_vendor\\bin;E:\\dev\\ros2_foxy\\opt\\rviz_assimp_vendor\\bin;E:\\dev\\ros2_foxy\\opt\\libcurl_vendor\\bin;E:\\dev\\ros2_foxy\\Scripts;E:\\dev\\ros2_foxy\\bin;C:\\Python38\\Scripts\\;C:\\Python38\\;C:\\Program Files (x86)\\NVIDIA Corporation\\PhysX\\Common;E:\\Program Files\\Python\\Python-3.9.6\\Scripts\\;E:\\Program Files\\Python\\Python-3.9.6\\;C:\\Program Files\\Common Files\\Oracle\\Java\\javapath;C:\\Program Files (x86)\\Common Files\\Intel\\Shared Libraries\\redist\\intel64\\compiler;C:\\Windows\\system32;C:\\Windows;C:\\Windows\\System32\\Wbem;C:\\Windows\\System32\\WindowsPowerShell\\v1.0\\;C:\\Windows\\System32\\OpenSSH\\;C:\\Program Files\\NVIDIA Corporation\\NVIDIA NvDLISR;C:\\Program Files (x86)\\Windows Kits\\8.1\\Windows Performance Toolkit\\;C:\\Program Files\\dotnet\\;C:\\Program Files\\Common Files\\Autodesk Shared\\;C:\\Program Files\\Wolfram Research\\WolframScript\\;C:\\WINDOWS\\system32;C:\\WINDOWS;C:\\WINDOWS\\System32\\Wbem;C:\\WINDOWS\\System32\\WindowsPowerShell\\v1.0\\;C:\\WINDOWS\\System32\\OpenSSH\\;E:\\Program Files\\PuTTY\\;E:\\Program Files\\Go\\bin;C:\\Users\\LorentzPie;C:\\Program Files\\MySQL\\MySQL Server 8.0\\bin;E:\\Program Files\\Git\\cmd;E:\\MinGW\\bin;E:\\Program Files\\MATLAB\\R2022a\\bin;C:\\Program Files (x86)\\STMicroelectronics\\STM32 ST-LINK Utility\\ST-LINK Utility;C:\\Program Files\\Microsoft SQL Server\\Client SDK\\ODBC\\110\\Tools\\Binn\\;C:\\Program Files (x86)\\Microsoft SQL Server\\120\\Tools\\Binn\\;C:\\Program Files\\Microsoft SQL Server\\120\\Tools\\Binn\\;C:\\Program Files\\Microsoft SQL Server\\120\\DTS\\Binn\\;C:\\Program Files (x86)\\Windows Kits\\10\\Windows Performance Toolkit\\;C:\\ProgramData\\chocolatey\\bin;E:\\Program Files\\OpenSSL-Win64\\bin;E:\\Program Files\\opencv-3.4.6-vc16.VS2019\\opencv\\x64\\vc16\\bin;C:\\Program Files\\CMake\\bin;C:\\ProgramData\\chocolatey\\lib\\cunit\\lib;C:\\ProgramData\\chocolatey\\lib\\tinyxml2\\lib;C:\\ProgramData\\chocolatey\\lib\\log4cxx\\lib;C:\\ProgramData\\chocolatey\\lib\\bullet\\lib;C:\\Program Files\\Graphviz\\bin;E:\\Projects\\cmusyllabi;E:\\anaconda3;E:\\anaconda3\\Library\\mingw-w64\\bin;E:\\anaconda3\\Library\\usr\\bin;E:\\anaconda3\\Library\\bin;E:\\anaconda3\\Scripts;E:\\anaconda3\\bin;E:\\anaconda3\\condabin;E:\\Program Files (x86)\\VMware\\VMware Workstation\\bin;C:\\Program Files\\Common Files\\Oracle\\Java\\javapath;C:\\Program Files (x86)\\Common Files\\Intel\\Shared Libraries\\redist\\intel64\\compiler;C:\\Windows\\system32;C:\\Windows;C:\\Windows\\System32\\Wbem;C:\\Windows\\System32\\WindowsPowerShell\\v1.0;C:\\Windows\\System32\\OpenSSH;C:\\Program Files (x86)\\NVIDIA Corporation\\PhysX\\Common;C:\\Program Files\\NVIDIA Corporation\\NVIDIA NvDLISR;C:\\Program Files\\Microsoft SQL Server\\120\\Tools\\Binn;E:\\Program Files\\MATLAB\\R2021a\\runtime\\win64;E:\\Program Files\\MATLAB\\R2021a\\bin;C:\\Program Files\\Microsoft SQL Server\\Client SDK\\ODBC\\110\\Tools\\Binn;C:\\Program Files (x86)\\Microsoft SQL Server\\120\\Tools\\Binn;C:\\Program Files\\Microsoft SQL Server\\120\\DTS\\Binn;C:\\Program Files (x86)\\Windows Kits\\8.1\\Windows Performance Toolkit;C:\\Program Files\\dotnet;C:\\Program File;E:\\Program Files\\Microsoft VS Code\\bin;C:\\Users\\LorentzPie\\.ebcli-virtual-env\\executables;E:\\Program Files\\JetBrains\\CLion 2022.2.1\\bin;;C:\\Program Files\\Mozilla Firefox\\Driver;C:\\Program Files\\Google\\Chrome\\Application;E:\\intelFPGA_lite\\18.1\\modelsim_ase\\win32aloem;E:\\Program Files\\texlive\\2023\\bin\\windows;C:\\Users\\LorentzPie\\AppData\\Local\\Microsoft\\WindowsApps;C:\\Program Files\\Graphviz\\bin;', 'PATHEXT': '.COM;.EXE;.BAT;.CMD;.VBS;.VBE;.JS;.JSE;.WSF;.WSH;.MSC;.PY;.PYW', 'PKG_CONFIG_PATH': 'E:\\dev\\ros2_foxy\\lib\\pkgconfig', 'PROCESSOR_ARCHITECTURE': 'AMD64', 'PROCESSOR_IDENTIFIER': 'AMD64 Family 25 Model 80 Stepping 0, AuthenticAMD', 'PROCESSOR_LEVEL': '25', 'PROCESSOR_REVISION': '5000', 'ProgramData': 'C:\\ProgramData', 'ProgramFiles': 'C:\\Program Files', 'ProgramFiles(x86)': 'C:\\Program Files (x86)', 'ProgramW6432': 'C:\\Program Files', 'PROMPT': '$P$G', 'PSModulePath': 'C:\\Program Files\\WindowsPowerShell\\Modules;C:\\WINDOWS\\system32\\WindowsPowerShell\\v1.0\\Modules;C:\\Program Files (x86)\\Microsoft SQL Server\\120\\Tools\\PowerShell\\Modules\\', 'PUBLIC': 'C:\\Users\\Public', 'PYTHONPATH': 'E:\\Projects\\AUV\\DROPLAB\\ros_ws\\build\\joystick_publisher\\prefix_override;E:\\Projects\\AUV\\DROPLAB\\ros_ws\\install\\Lib\\site-packages;E:\\dev\\ros2_foxy\\Lib\\site-packages', 'P_SCHEMA': 'E:\\Program Files\\ANSYS Inc\\ANSYS Student\\v222\\AISOL\\CADIntegration\\Parasolid\\PSchema', 'QSYS_ROOTDIR': 'E:\\intelFPGA_lite\\18.1\\quartus\\sopc_builder\\bin', 'QUARTUS_ROOTDIR': 'E:\\intelFPGA_lite\\18.1\\quartus', 'ROS_DISTRO': 'foxy', 'ROS_LOCALHOST_ONLY': '0', 'ROS_PYTHON_VERSION': '3', 'ROS_VERSION': '2', 'SESSIONNAME': 'Console', 'SOPC_KIT_NIOS2': 'E:\\intelFPGA_lite\\18.1\\nios2eds', 'SW_SIM_HYDRA': 'C:\\Program Files\\Common Files\\SolidWorks Shared\\Simulation Worker Agent\\', 'SW_SIM_MPIT': 'INTELMPI', 'SW_SIM_TEMP': 'C:\\ProgramData\\SOLIDWORKS\\SW_net_sim_temp\\', 'SystemDrive': 'C:', 'SystemRoot': 'C:\\WINDOWS', 'TEMP': 'C:\\Users\\LORENT~1\\AppData\\Local\\Temp', 'TMP': 'C:\\Users\\LORENT~1\\AppData\\Local\\Temp', 'USERDOMAIN': 'LAPTOP-P2S9LHVB', 'USERDOMAIN_ROAMINGPROFILE': 'LAPTOP-P2S9LHVB', 'USERNAME': 'ElectroBrandy', 'USERPROFILE': 'C:\\Users\\LorentzPie', 'VRAY_SEND_FEEDBACK': '0', 'windir': 'C:\\WINDOWS'}, 'shell': False}
[2.969000] (-) TimerEvent: {}
[3.078000] (-) TimerEvent: {}
[3.188000] (-) TimerEvent: {}
[3.297000] (-) TimerEvent: {}
[3.407000] (-) TimerEvent: {}
[3.469000] (joystick_publisher) StdoutLine: {'line': b'running egg_info\r\n'}
[3.500000] (joystick_publisher) StdoutLine: {'line': b'writing ..\\..\\build\\joystick_publisher\\joystick_publisher.egg-info\\PKG-INFO\r\n'}
[3.500000] (joystick_publisher) StdoutLine: {'line': b'writing dependency_links to ..\\..\\build\\joystick_publisher\\joystick_publisher.egg-info\\dependency_links.txt\r\n'}
[3.578000] (-) TimerEvent: {}
[3.578000] (joystick_publisher) StdoutLine: {'line': b'writing entry points to ..\\..\\build\\joystick_publisher\\joystick_publisher.egg-info\\entry_points.txt\r\n'}
[3.578000] (joystick_publisher) StdoutLine: {'line': b'writing requirements to ..\\..\\build\\joystick_publisher\\joystick_publisher.egg-info\\requires.txt\r\n'}
[3.578000] (joystick_publisher) StdoutLine: {'line': b'writing top-level names to ..\\..\\build\\joystick_publisher\\joystick_publisher.egg-info\\top_level.txt\r\n'}
[3.578000] (joystick_publisher) StdoutLine: {'line': b"reading manifest file '..\\..\\build\\joystick_publisher\\joystick_publisher.egg-info\\SOURCES.txt'\r\n"}
[3.578000] (joystick_publisher) StdoutLine: {'line': b"writing manifest file '..\\..\\build\\joystick_publisher\\joystick_publisher.egg-info\\SOURCES.txt'\r\n"}
[3.578000] (joystick_publisher) StdoutLine: {'line': b'running build\r\n'}
[3.578000] (joystick_publisher) StdoutLine: {'line': b'running build_py\r\n'}
[3.703000] (-) TimerEvent: {}
[3.703000] (joystick_publisher) StdoutLine: {'line': b'copying joystick_publisher\\joystick_publisher_node.py -> E:\\Projects\\AUV\\DROPLAB\\ros_ws\\build\\joystick_publisher\\build\\lib\\joystick_publisher\r\n'}
[3.703000] (joystick_publisher) StdoutLine: {'line': b'running install\r\n'}
[3.703000] (joystick_publisher) StdoutLine: {'line': b'running install_lib\r\n'}
[3.703000] (joystick_publisher) StdoutLine: {'line': b'copying E:\\Projects\\AUV\\DROPLAB\\ros_ws\\build\\joystick_publisher\\build\\lib\\joystick_publisher\\joystick_publisher_node.py -> E:\\Projects\\AUV\\DROPLAB\\ros_ws\\install\\Lib\\site-packages\\joystick_publisher\r\n'}
[3.703000] (joystick_publisher) StdoutLine: {'line': b'byte-compiling E:\\Projects\\AUV\\DROPLAB\\ros_ws\\install\\Lib\\site-packages\\joystick_publisher\\joystick_publisher_node.py to joystick_publisher_node.cpython-38.pyc\r\n'}
[3.703000] (joystick_publisher) StdoutLine: {'line': b'running install_data\r\n'}
[3.735000] (joystick_publisher) StdoutLine: {'line': b'running install_egg_info\r\n'}
[3.782000] (joystick_publisher) StdoutLine: {'line': b"removing 'E:\\Projects\\AUV\\DROPLAB\\ros_ws\\install\\Lib\\site-packages\\joystick_publisher-0.0.0-py3.8.egg-info' (and everything under it)\r\n"}
[3.797000] (joystick_publisher) StdoutLine: {'line': b'Copying ..\\..\\build\\joystick_publisher\\joystick_publisher.egg-info to E:\\Projects\\AUV\\DROPLAB\\ros_ws\\install\\Lib\\site-packages\\joystick_publisher-0.0.0-py3.8.egg-info\r\n'}
[3.797000] (joystick_publisher) StdoutLine: {'line': b'running install_scripts\r\n'}
[3.813000] (-) TimerEvent: {}
[3.922000] (-) TimerEvent: {}
[4.032000] (-) TimerEvent: {}
[4.141000] (-) TimerEvent: {}
[4.172000] (joystick_publisher) StdoutLine: {'line': b'Installing joystick_publisher_node-script.py script to E:\\Projects\\AUV\\DROPLAB\\ros_ws\\install\\lib\\joystick_publisher\r\n'}
[4.172000] (joystick_publisher) StdoutLine: {'line': b'Installing joystick_publisher_node.exe script to E:\\Projects\\AUV\\DROPLAB\\ros_ws\\install\\lib\\joystick_publisher\r\n'}
[4.172000] (joystick_publisher) StdoutLine: {'line': b"writing list of installed files to 'E:\\Projects\\AUV\\DROPLAB\\ros_ws\\build\\joystick_publisher\\install.log'\r\n"}
[4.172000] (joystick_publisher) StderrLine: {'line': b'c:\\python38\\lib\\site-packages\\setuptools\\dist.py:755: SetuptoolsDeprecationWarning: Invalid dash-separated options\r\n'}
[4.172000] (joystick_publisher) StderrLine: {'line': b'!!\r\n'}
[4.172000] (joystick_publisher) StderrLine: {'line': b'\r\n'}
[4.172000] (joystick_publisher) StderrLine: {'line': b'        ********************************************************************************\r\n'}
[4.172000] (joystick_publisher) StderrLine: {'line': b"        Usage of dash-separated 'script-dir' will not be supported in future\r\n"}
[4.172000] (joystick_publisher) StderrLine: {'line': b"        versions. Please use the underscore name 'script_dir' instead.\r\n"}
[4.172000] (joystick_publisher) StderrLine: {'line': b'\r\n'}
[4.172000] (joystick_publisher) StderrLine: {'line': b'        By 2023-Sep-26, you need to update your project and remove deprecated calls\r\n'}
[4.172000] (joystick_publisher) StderrLine: {'line': b'        or your builds will no longer be supported.\r\n'}
[4.172000] (joystick_publisher) StderrLine: {'line': b'\r\n'}
[4.172000] (joystick_publisher) StderrLine: {'line': b'        See https://setuptools.pypa.io/en/latest/userguide/declarative_config.html for details.\r\n'}
[4.172000] (joystick_publisher) StderrLine: {'line': b'        ********************************************************************************\r\n'}
[4.172000] (joystick_publisher) StderrLine: {'line': b'\r\n'}
[4.172000] (joystick_publisher) StderrLine: {'line': b'!!\r\n'}
[4.172000] (joystick_publisher) StderrLine: {'line': b'  opt = self.warn_dash_deprecation(opt, section)\r\n'}
[4.297000] (-) TimerEvent: {}
[4.297000] (joystick_publisher) StderrLine: {'line': b'c:\\python38\\lib\\site-packages\\setuptools\\_distutils\\cmd.py:66: SetuptoolsDeprecationWarning: setup.py install is deprecated.\r\n'}
[4.297000] (joystick_publisher) StderrLine: {'line': b'!!\r\n'}
[4.297000] (joystick_publisher) StderrLine: {'line': b'\r\n'}
[4.297000] (joystick_publisher) StderrLine: {'line': b'        ********************************************************************************\r\n'}
[4.297000] (joystick_publisher) StderrLine: {'line': b'        Please avoid running ``setup.py`` directly.\r\n'}
[4.297000] (joystick_publisher) StderrLine: {'line': b'        Instead, use pypa/build, pypa/installer, pypa/build or\r\n'}
[4.297000] (joystick_publisher) StderrLine: {'line': b'        other standards-based tools.\r\n'}
[4.297000] (joystick_publisher) StderrLine: {'line': b'\r\n'}
[4.297000] (joystick_publisher) StderrLine: {'line': b'        See https://blog.ganssle.io/articles/2021/10/setup-py-deprecated.html for details.\r\n'}
[4.297000] (joystick_publisher) StderrLine: {'line': b'        ********************************************************************************\r\n'}
[4.297000] (joystick_publisher) StderrLine: {'line': b'\r\n'}
[4.297000] (joystick_publisher) StderrLine: {'line': b'!!\r\n'}
[4.297000] (joystick_publisher) StderrLine: {'line': b'  self.initialize_options()\r\n'}
[4.297000] (joystick_publisher) CommandEnded: {'returncode': 0}
[4.407000] (-) TimerEvent: {}
[4.407000] (joystick_publisher) JobEnded: {'identifier': 'joystick_publisher', 'rc': 0}
[4.407000] (-) EventReactorShutdown: {}
