[0.949s] [34mcolcon[0m [1;30mDEBUG[0m [32mCommand line arguments: ['C:\\Python38\\Scripts\\colcon', 'build', '--merge-install'][0m
[0.952s] [34mcolcon[0m [1;30mDEBUG[0m [32mParsed command line arguments: Namespace(ament_cmake_args=None, base_paths=['.'], build_base='build', catkin_cmake_args=None, catkin_skip_building_tests=False, cmake_args=None, cmake_clean_cache=False, cmake_clean_first=False, cmake_force_configure=False, cmake_target=None, cmake_target_skip_unavailable=False, continue_on_error=False, event_handlers=None, executor='parallel', ignore_user_meta=False, install_base='install', log_base=None, log_level=None, main=<bound method BuildVerb.main of <colcon_core.verb.build.BuildVerb object at 0x0000027A2A263850>>, merge_install=True, metas=['./colcon.meta'], packages_above=None, packages_above_and_dependencies=None, packages_above_depth=None, packages_end=None, packages_ignore=None, packages_ignore_regex=None, packages_select=None, packages_select_build_failed=False, packages_select_by_dep=None, packages_select_regex=None, packages_select_test_failures=False, packages_skip=None, packages_skip_build_finished=False, packages_skip_by_dep=None, packages_skip_regex=None, packages_skip_test_passed=False, packages_skip_up_to=None, packages_start=None, packages_up_to=None, packages_up_to_regex=None, parallel_workers=16, paths=None, symlink_install=False, test_result_base=None, verb_extension=<colcon_core.verb.build.BuildVerb object at 0x0000027A2A263850>, verb_name='build', verb_parser=<colcon_defaults.argument_parser.defaults.DefaultArgumentsDecorator object at 0x0000027A2A335460>)[0m
[1.123s] [34mcolcon.colcon_core.package_discovery[0m [1;30mLevel 1[0m discover_packages(colcon_meta) check parameters
[1.123s] [34mcolcon.colcon_core.package_discovery[0m [1;30mLevel 1[0m discover_packages(recursive) check parameters
[1.123s] [34mcolcon.colcon_core.package_discovery[0m [1;30mLevel 1[0m discover_packages(ignore) check parameters
[1.123s] [34mcolcon.colcon_core.package_discovery[0m [1;30mLevel 1[0m discover_packages(path) check parameters
[1.123s] [34mcolcon.colcon_core.package_discovery[0m [1;30mLevel 1[0m discover_packages(colcon_meta) discover
[1.124s] [34mcolcon.colcon_core.package_discovery[0m [1;30mLevel 1[0m discover_packages(recursive) discover
[1.124s] [34mcolcon.colcon_core.package_discovery[0m [1;30mINFO[0m Crawling recursively for packages in 'E:\Projects\AUV\DROPLAB\ros_ws'
[1.124s] [34mcolcon.colcon_core.package_identification[0m [1;30mLevel 1[0m _identify(.) by extensions ['ignore', 'ignore_ament_install']
[1.124s] [34mcolcon.colcon_core.package_identification[0m [1;30mLevel 1[0m _identify(.) by extension 'ignore'
[1.124s] [34mcolcon.colcon_core.package_identification[0m [1;30mLevel 1[0m _identify(.) by extension 'ignore_ament_install'
[1.125s] [34mcolcon.colcon_core.package_identification[0m [1;30mLevel 1[0m _identify(.) by extensions ['colcon_pkg']
[1.125s] [34mcolcon.colcon_core.package_identification[0m [1;30mLevel 1[0m _identify(.) by extension 'colcon_pkg'
[1.125s] [34mcolcon.colcon_core.package_identification[0m [1;30mLevel 1[0m _identify(.) by extensions ['colcon_meta']
[1.125s] [34mcolcon.colcon_core.package_identification[0m [1;30mLevel 1[0m _identify(.) by extension 'colcon_meta'
[1.125s] [34mcolcon.colcon_core.package_identification[0m [1;30mLevel 1[0m _identify(.) by extensions ['ros']
[1.125s] [34mcolcon.colcon_core.package_identification[0m [1;30mLevel 1[0m _identify(.) by extension 'ros'
[1.165s] [34mcolcon.colcon_core.package_identification[0m [1;30mLevel 1[0m _identify(.) by extensions ['cmake', 'python']
[1.165s] [34mcolcon.colcon_core.package_identification[0m [1;30mLevel 1[0m _identify(.) by extension 'cmake'
[1.166s] [34mcolcon.colcon_core.package_identification[0m [1;30mLevel 1[0m _identify(.) by extension 'python'
[1.166s] [34mcolcon.colcon_core.package_identification[0m [1;30mLevel 1[0m _identify(.) by extensions ['python_setup_py']
[1.166s] [34mcolcon.colcon_core.package_identification[0m [1;30mLevel 1[0m _identify(.) by extension 'python_setup_py'
[1.167s] [34mcolcon.colcon_core.package_identification[0m [1;30mLevel 1[0m _identify(build) by extensions ['ignore', 'ignore_ament_install']
[1.167s] [34mcolcon.colcon_core.package_identification[0m [1;30mLevel 1[0m _identify(build) by extension 'ignore'
[1.167s] [34mcolcon.colcon_core.package_identification[0m [1;30mLevel 1[0m _identify(build) ignored
[1.168s] [34mcolcon.colcon_core.package_identification[0m [1;30mLevel 1[0m _identify(install) by extensions ['ignore', 'ignore_ament_install']
[1.168s] [34mcolcon.colcon_core.package_identification[0m [1;30mLevel 1[0m _identify(install) by extension 'ignore'
[1.168s] [34mcolcon.colcon_core.package_identification[0m [1;30mLevel 1[0m _identify(install) ignored
[1.169s] [34mcolcon.colcon_core.package_identification[0m [1;30mLevel 1[0m _identify(log) by extensions ['ignore', 'ignore_ament_install']
[1.169s] [34mcolcon.colcon_core.package_identification[0m [1;30mLevel 1[0m _identify(log) by extension 'ignore'
[1.169s] [34mcolcon.colcon_core.package_identification[0m [1;30mLevel 1[0m _identify(log) ignored
[1.170s] [34mcolcon.colcon_core.package_identification[0m [1;30mLevel 1[0m _identify(src) by extensions ['ignore', 'ignore_ament_install']
[1.170s] [34mcolcon.colcon_core.package_identification[0m [1;30mLevel 1[0m _identify(src) by extension 'ignore'
[1.170s] [34mcolcon.colcon_core.package_identification[0m [1;30mLevel 1[0m _identify(src) by extension 'ignore_ament_install'
[1.170s] [34mcolcon.colcon_core.package_identification[0m [1;30mLevel 1[0m _identify(src) by extensions ['colcon_pkg']
[1.170s] [34mcolcon.colcon_core.package_identification[0m [1;30mLevel 1[0m _identify(src) by extension 'colcon_pkg'
[1.170s] [34mcolcon.colcon_core.package_identification[0m [1;30mLevel 1[0m _identify(src) by extensions ['colcon_meta']
[1.170s] [34mcolcon.colcon_core.package_identification[0m [1;30mLevel 1[0m _identify(src) by extension 'colcon_meta'
[1.171s] [34mcolcon.colcon_core.package_identification[0m [1;30mLevel 1[0m _identify(src) by extensions ['ros']
[1.171s] [34mcolcon.colcon_core.package_identification[0m [1;30mLevel 1[0m _identify(src) by extension 'ros'
[1.171s] [34mcolcon.colcon_core.package_identification[0m [1;30mLevel 1[0m _identify(src) by extensions ['cmake', 'python']
[1.171s] [34mcolcon.colcon_core.package_identification[0m [1;30mLevel 1[0m _identify(src) by extension 'cmake'
[1.172s] [34mcolcon.colcon_core.package_identification[0m [1;30mLevel 1[0m _identify(src) by extension 'python'
[1.172s] [34mcolcon.colcon_core.package_identification[0m [1;30mLevel 1[0m _identify(src) by extensions ['python_setup_py']
[1.172s] [34mcolcon.colcon_core.package_identification[0m [1;30mLevel 1[0m _identify(src) by extension 'python_setup_py'
[1.172s] [34mcolcon.colcon_core.package_identification[0m [1;30mLevel 1[0m _identify(src\cpp_pubsub) by extensions ['ignore', 'ignore_ament_install']
[1.172s] [34mcolcon.colcon_core.package_identification[0m [1;30mLevel 1[0m _identify(src\cpp_pubsub) by extension 'ignore'
[1.173s] [34mcolcon.colcon_core.package_identification[0m [1;30mLevel 1[0m _identify(src\cpp_pubsub) by extension 'ignore_ament_install'
[1.173s] [34mcolcon.colcon_core.package_identification[0m [1;30mLevel 1[0m _identify(src\cpp_pubsub) by extensions ['colcon_pkg']
[1.173s] [34mcolcon.colcon_core.package_identification[0m [1;30mLevel 1[0m _identify(src\cpp_pubsub) by extension 'colcon_pkg'
[1.173s] [34mcolcon.colcon_core.package_identification[0m [1;30mLevel 1[0m _identify(src\cpp_pubsub) by extensions ['colcon_meta']
[1.173s] [34mcolcon.colcon_core.package_identification[0m [1;30mLevel 1[0m _identify(src\cpp_pubsub) by extension 'colcon_meta'
[1.174s] [34mcolcon.colcon_core.package_identification[0m [1;30mLevel 1[0m _identify(src\cpp_pubsub) by extensions ['ros']
[1.174s] [34mcolcon.colcon_core.package_identification[0m [1;30mLevel 1[0m _identify(src\cpp_pubsub) by extension 'ros'
[1.179s] [34mcolcon.colcon_core.package_identification[0m [1;30mDEBUG[0m [32mPackage 'src\cpp_pubsub' with type 'ros.ament_cmake' and name 'cpp_pubsub'[0m
[1.179s] [34mcolcon.colcon_core.package_identification[0m [1;30mLevel 1[0m _identify(src\joystick_publisher) by extensions ['ignore', 'ignore_ament_install']
[1.180s] [34mcolcon.colcon_core.package_identification[0m [1;30mLevel 1[0m _identify(src\joystick_publisher) by extension 'ignore'
[1.180s] [34mcolcon.colcon_core.package_identification[0m [1;30mLevel 1[0m _identify(src\joystick_publisher) by extension 'ignore_ament_install'
[1.180s] [34mcolcon.colcon_core.package_identification[0m [1;30mLevel 1[0m _identify(src\joystick_publisher) by extensions ['colcon_pkg']
[1.180s] [34mcolcon.colcon_core.package_identification[0m [1;30mLevel 1[0m _identify(src\joystick_publisher) by extension 'colcon_pkg'
[1.180s] [34mcolcon.colcon_core.package_identification[0m [1;30mLevel 1[0m _identify(src\joystick_publisher) by extensions ['colcon_meta']
[1.180s] [34mcolcon.colcon_core.package_identification[0m [1;30mLevel 1[0m _identify(src\joystick_publisher) by extension 'colcon_meta'
[1.181s] [34mcolcon.colcon_core.package_identification[0m [1;30mLevel 1[0m _identify(src\joystick_publisher) by extensions ['ros']
[1.181s] [34mcolcon.colcon_core.package_identification[0m [1;30mLevel 1[0m _identify(src\joystick_publisher) by extension 'ros'
[1.183s] [34mcolcon.colcon_core.package_identification[0m [1;30mDEBUG[0m [32mPackage 'src\joystick_publisher' with type 'ros.ament_python' and name 'joystick_publisher'[0m
[1.183s] [34mcolcon.colcon_core.package_discovery[0m [1;30mLevel 1[0m discover_packages(recursive) using defaults
[1.183s] [34mcolcon.colcon_core.package_discovery[0m [1;30mLevel 1[0m discover_packages(ignore) discover
[1.183s] [34mcolcon.colcon_core.package_discovery[0m [1;30mLevel 1[0m discover_packages(ignore) using defaults
[1.183s] [34mcolcon.colcon_core.package_discovery[0m [1;30mLevel 1[0m discover_packages(path) discover
[1.183s] [34mcolcon.colcon_core.package_discovery[0m [1;30mLevel 1[0m discover_packages(path) using defaults
[1.276s] [34mcolcon.colcon_core.verb[0m [1;30mLevel 5[0m set package 'cpp_pubsub' build argument 'cmake_args' from command line to 'None'
[1.276s] [34mcolcon.colcon_core.verb[0m [1;30mLevel 5[0m set package 'cpp_pubsub' build argument 'cmake_target' from command line to 'None'
[1.276s] [34mcolcon.colcon_core.verb[0m [1;30mLevel 5[0m set package 'cpp_pubsub' build argument 'cmake_target_skip_unavailable' from command line to 'False'
[1.276s] [34mcolcon.colcon_core.verb[0m [1;30mLevel 5[0m set package 'cpp_pubsub' build argument 'cmake_clean_cache' from command line to 'False'
[1.277s] [34mcolcon.colcon_core.verb[0m [1;30mLevel 5[0m set package 'cpp_pubsub' build argument 'cmake_clean_first' from command line to 'False'
[1.277s] [34mcolcon.colcon_core.verb[0m [1;30mLevel 5[0m set package 'cpp_pubsub' build argument 'cmake_force_configure' from command line to 'False'
[1.277s] [34mcolcon.colcon_core.verb[0m [1;30mLevel 5[0m set package 'cpp_pubsub' build argument 'ament_cmake_args' from command line to 'None'
[1.277s] [34mcolcon.colcon_core.verb[0m [1;30mLevel 5[0m set package 'cpp_pubsub' build argument 'catkin_cmake_args' from command line to 'None'
[1.277s] [34mcolcon.colcon_core.verb[0m [1;30mLevel 5[0m set package 'cpp_pubsub' build argument 'catkin_skip_building_tests' from command line to 'False'
[1.277s] [34mcolcon.colcon_core.verb[0m [1;30mDEBUG[0m [32mBuilding package 'cpp_pubsub' with the following arguments: {'ament_cmake_args': None, 'build_base': 'E:\\Projects\\AUV\\DROPLAB\\ros_ws\\build\\cpp_pubsub', 'catkin_cmake_args': None, 'catkin_skip_building_tests': False, 'cmake_args': None, 'cmake_clean_cache': False, 'cmake_clean_first': False, 'cmake_force_configure': False, 'cmake_target': None, 'cmake_target_skip_unavailable': False, 'install_base': 'E:\\Projects\\AUV\\DROPLAB\\ros_ws\\install', 'merge_install': True, 'path': 'E:\\Projects\\AUV\\DROPLAB\\ros_ws\\src\\cpp_pubsub', 'symlink_install': False, 'test_result_base': None}[0m
[1.290s] [34mcolcon.colcon_core.verb[0m [1;30mLevel 5[0m set package 'joystick_publisher' build argument 'cmake_args' from command line to 'None'
[1.290s] [34mcolcon.colcon_core.verb[0m [1;30mLevel 5[0m set package 'joystick_publisher' build argument 'cmake_target' from command line to 'None'
[1.290s] [34mcolcon.colcon_core.verb[0m [1;30mLevel 5[0m set package 'joystick_publisher' build argument 'cmake_target_skip_unavailable' from command line to 'False'
[1.290s] [34mcolcon.colcon_core.verb[0m [1;30mLevel 5[0m set package 'joystick_publisher' build argument 'cmake_clean_cache' from command line to 'False'
[1.290s] [34mcolcon.colcon_core.verb[0m [1;30mLevel 5[0m set package 'joystick_publisher' build argument 'cmake_clean_first' from command line to 'False'
[1.290s] [34mcolcon.colcon_core.verb[0m [1;30mLevel 5[0m set package 'joystick_publisher' build argument 'cmake_force_configure' from command line to 'False'
[1.290s] [34mcolcon.colcon_core.verb[0m [1;30mLevel 5[0m set package 'joystick_publisher' build argument 'ament_cmake_args' from command line to 'None'
[1.290s] [34mcolcon.colcon_core.verb[0m [1;30mLevel 5[0m set package 'joystick_publisher' build argument 'catkin_cmake_args' from command line to 'None'
[1.290s] [34mcolcon.colcon_core.verb[0m [1;30mLevel 5[0m set package 'joystick_publisher' build argument 'catkin_skip_building_tests' from command line to 'False'
[1.290s] [34mcolcon.colcon_core.verb[0m [1;30mDEBUG[0m [32mBuilding package 'joystick_publisher' with the following arguments: {'ament_cmake_args': None, 'build_base': 'E:\\Projects\\AUV\\DROPLAB\\ros_ws\\build\\joystick_publisher', 'catkin_cmake_args': None, 'catkin_skip_building_tests': False, 'cmake_args': None, 'cmake_clean_cache': False, 'cmake_clean_first': False, 'cmake_force_configure': False, 'cmake_target': None, 'cmake_target_skip_unavailable': False, 'install_base': 'E:\\Projects\\AUV\\DROPLAB\\ros_ws\\install', 'merge_install': True, 'path': 'E:\\Projects\\AUV\\DROPLAB\\ros_ws\\src\\joystick_publisher', 'symlink_install': False, 'test_result_base': None}[0m
[1.298s] [34mcolcon.colcon_core.executor[0m [1;30mINFO[0m Executing jobs using 'parallel' executor
[1.323s] [34mcolcon.colcon_parallel_executor.executor.parallel[0m [1;30mDEBUG[0m [32mrun_until_complete[0m
[1.325s] [34mcolcon.colcon_ros.task.ament_cmake.build[0m [1;30mINFO[0m Building ROS package in 'E:\Projects\AUV\DROPLAB\ros_ws\src\cpp_pubsub' with build type 'ament_cmake'
[1.325s] [34mcolcon.colcon_cmake.task.cmake.build[0m [1;30mINFO[0m Building CMake package in 'E:\Projects\AUV\DROPLAB\ros_ws\src\cpp_pubsub'
[1.334s] [34mcolcon.colcon_core.plugin_system[0m [1;30mINFO[0m Skipping extension 'colcon_core.shell.sh': Not used on Windows systems
[1.334s] [34mcolcon.colcon_core.shell[0m [1;30mINFO[0m Skip shell extension 'powershell' for command environment: Not usable outside of PowerShell
[1.600s] [34mcolcon.colcon_ros.task.ament_python.build[0m [1;30mINFO[0m Building ROS package in 'E:\Projects\AUV\DROPLAB\ros_ws\src\joystick_publisher' with build type 'ament_python'
[1.600s] [34mcolcon.colcon_core.shell[0m [1;30mLevel 1[0m create_environment_hook('joystick_publisher', 'ament_prefix_path')
[1.612s] [34mcolcon.colcon_core.shell[0m [1;30mINFO[0m Creating environment hook 'E:\Projects\AUV\DROPLAB\ros_ws\install\share\joystick_publisher\hook\ament_prefix_path.ps1'
[1.614s] [34mcolcon.colcon_core.shell[0m [1;30mINFO[0m Creating environment hook 'E:\Projects\AUV\DROPLAB\ros_ws\install\share\joystick_publisher\hook\ament_prefix_path.bat'
[1.617s] [34mcolcon.colcon_core.shell[0m [1;30mINFO[0m Creating environment descriptor 'E:\Projects\AUV\DROPLAB\ros_ws\install\share\joystick_publisher\hook\ament_prefix_path.dsv'
[1.632s] [34mcolcon.colcon_core.shell[0m [1;30mINFO[0m Skip shell extension 'powershell' for command environment: Not usable outside of PowerShell
[2.106s] [34mcolcon.colcon_core.event_handler.log_command[0m [1;30mDEBUG[0m [32mInvoking command in 'E:\Projects\AUV\DROPLAB\ros_ws\build\cpp_pubsub': C:\Program Files\CMake\bin\cmake.EXE E:\Projects\AUV\DROPLAB\ros_ws\src\cpp_pubsub -DCMAKE_INSTALL_PREFIX=E:\Projects\AUV\DROPLAB\ros_ws\install[0m
[2.689s] [34mcolcon.colcon_core.task.python.build[0m [1;30mINFO[0m Building Python package in 'E:\Projects\AUV\DROPLAB\ros_ws\src\joystick_publisher'
[2.700s] [34mcolcon.colcon_core.shell[0m [1;30mINFO[0m Skip shell extension 'powershell' for command environment: Not usable outside of PowerShell
[4.404s] [34mcolcon.colcon_core.event_handler.log_command[0m [1;30mDEBUG[0m [32mInvoking command in 'E:\Projects\AUV\DROPLAB\ros_ws\src\joystick_publisher': PYTHONPATH=E:\Projects\AUV\DROPLAB\ros_ws\build\joystick_publisher\prefix_override;E:\Projects\AUV\DROPLAB\ros_ws\install\Lib\site-packages;%PYTHONPATH% c:\python38\python.exe setup.py egg_info --egg-base ..\..\build\joystick_publisher build --build-base E:\Projects\AUV\DROPLAB\ros_ws\build\joystick_publisher\build install --record E:\Projects\AUV\DROPLAB\ros_ws\build\joystick_publisher\install.log --install-scripts $base/lib/joystick_publisher --single-version-externally-managed[0m
[5.776s] [34mcolcon.colcon_core.environment[0m [1;30mLevel 1[0m checking 'E:\Projects\AUV\DROPLAB\ros_ws\install' for CMake module files
[5.843s] [34mcolcon.colcon_core.environment[0m [1;30mLevel 1[0m checking 'E:\Projects\AUV\DROPLAB\ros_ws\install' for CMake config files
[5.846s] [34mcolcon.colcon_core.shell[0m [1;30mLevel 1[0m create_environment_hook('joystick_publisher', 'cmake_prefix_path')
[5.852s] [34mcolcon.colcon_core.shell[0m [1;30mINFO[0m Creating environment hook 'E:\Projects\AUV\DROPLAB\ros_ws\install\share\joystick_publisher\hook\cmake_prefix_path.ps1'
[5.854s] [34mcolcon.colcon_core.shell[0m [1;30mINFO[0m Creating environment hook 'E:\Projects\AUV\DROPLAB\ros_ws\install\share\joystick_publisher\hook\cmake_prefix_path.bat'
[5.855s] [34mcolcon.colcon_core.shell[0m [1;30mINFO[0m Creating environment descriptor 'E:\Projects\AUV\DROPLAB\ros_ws\install\share\joystick_publisher\hook\cmake_prefix_path.dsv'
[5.856s] [34mcolcon.colcon_core.environment[0m [1;30mLevel 1[0m checking 'E:\Projects\AUV\DROPLAB\ros_ws\install\bin'
[5.857s] [34mcolcon.colcon_core.environment[0m [1;30mLevel 1[0m checking 'E:\Projects\AUV\DROPLAB\ros_ws\install\bin'
[5.857s] [34mcolcon.colcon_core.environment[0m [1;30mLevel 1[0m checking 'E:\Projects\AUV\DROPLAB\ros_ws\install\lib\pkgconfig\joystick_publisher.pc'
[5.857s] [34mcolcon.colcon_core.environment[0m [1;30mLevel 1[0m checking 'E:\Projects\AUV\DROPLAB\ros_ws\install\Lib\site-packages'
[5.857s] [34mcolcon.colcon_core.shell[0m [1;30mLevel 1[0m create_environment_hook('joystick_publisher', 'pythonpath')
[5.864s] [34mcolcon.colcon_core.shell[0m [1;30mINFO[0m Creating environment hook 'E:\Projects\AUV\DROPLAB\ros_ws\install\share\joystick_publisher\hook\pythonpath.ps1'
[5.865s] [34mcolcon.colcon_core.shell[0m [1;30mINFO[0m Creating environment hook 'E:\Projects\AUV\DROPLAB\ros_ws\install\share\joystick_publisher\hook\pythonpath.bat'
[5.867s] [34mcolcon.colcon_core.shell[0m [1;30mINFO[0m Creating environment descriptor 'E:\Projects\AUV\DROPLAB\ros_ws\install\share\joystick_publisher\hook\pythonpath.dsv'
[5.868s] [34mcolcon.colcon_core.environment[0m [1;30mLevel 1[0m checking 'E:\Projects\AUV\DROPLAB\ros_ws\install\Scripts'
[5.869s] [34mcolcon.colcon_core.environment[0m [1;30mLevel 1[0m create_environment_scripts_only(joystick_publisher)
[5.875s] [34mcolcon.colcon_core.shell[0m [1;30mINFO[0m Creating package script 'E:\Projects\AUV\DROPLAB\ros_ws\install\share\joystick_publisher\package.ps1'
[5.877s] [34mcolcon.colcon_core.shell[0m [1;30mINFO[0m Creating package script 'E:\Projects\AUV\DROPLAB\ros_ws\install\share\joystick_publisher\package.bat'
[5.878s] [34mcolcon.colcon_core.shell[0m [1;30mINFO[0m Creating package descriptor 'E:\Projects\AUV\DROPLAB\ros_ws\install\share\joystick_publisher\package.dsv'
[5.880s] [34mcolcon.colcon_core.environment[0m [1;30mLevel 1[0m create_file_with_runtime_dependencies(E:\Projects\AUV\DROPLAB\ros_ws\install\share\colcon-core\packages\joystick_publisher)
[5.959s] [34mcolcon.colcon_core.event_handler.log_command[0m [1;30mDEBUG[0m [32mInvoked command in 'E:\Projects\AUV\DROPLAB\ros_ws\src\joystick_publisher' returned '0': PYTHONPATH=E:\Projects\AUV\DROPLAB\ros_ws\build\joystick_publisher\prefix_override;E:\Projects\AUV\DROPLAB\ros_ws\install\Lib\site-packages;%PYTHONPATH% c:\python38\python.exe setup.py egg_info --egg-base ..\..\build\joystick_publisher build --build-base E:\Projects\AUV\DROPLAB\ros_ws\build\joystick_publisher\build install --record E:\Projects\AUV\DROPLAB\ros_ws\build\joystick_publisher\install.log --install-scripts $base/lib/joystick_publisher --single-version-externally-managed[0m
[7.961s] [34mcolcon.colcon_core.event_handler.log_command[0m [1;30mDEBUG[0m [32mInvoked command in 'E:\Projects\AUV\DROPLAB\ros_ws\build\cpp_pubsub' returned '0': C:\Program Files\CMake\bin\cmake.EXE E:\Projects\AUV\DROPLAB\ros_ws\src\cpp_pubsub -DCMAKE_INSTALL_PREFIX=E:\Projects\AUV\DROPLAB\ros_ws\install[0m
[7.964s] [34mcolcon.colcon_core.event_handler.log_command[0m [1;30mDEBUG[0m [32mInvoking command in 'E:\Projects\AUV\DROPLAB\ros_ws\build\cpp_pubsub': CL=/MP C:\Program Files\CMake\bin\cmake.EXE --build E:\Projects\AUV\DROPLAB\ros_ws\build\cpp_pubsub --config Release[0m
[9.715s] [34mcolcon.colcon_core.event_handler.log_command[0m [1;30mDEBUG[0m [32mInvoked command in 'E:\Projects\AUV\DROPLAB\ros_ws\build\cpp_pubsub' returned '1': CL=/MP C:\Program Files\CMake\bin\cmake.EXE --build E:\Projects\AUV\DROPLAB\ros_ws\build\cpp_pubsub --config Release[0m
[9.723s] [34mcolcon.colcon_core.environment[0m [1;30mLevel 1[0m create_environment_scripts_only(cpp_pubsub)
[9.734s] [34mcolcon.colcon_core.environment[0m [1;30mLevel 1[0m checking 'E:\Projects\AUV\DROPLAB\ros_ws\install' for CMake module files
[9.737s] [34mcolcon.colcon_core.environment[0m [1;30mLevel 1[0m checking 'E:\Projects\AUV\DROPLAB\ros_ws\install' for CMake config files
[9.740s] [34mcolcon.colcon_core.shell[0m [1;30mLevel 1[0m create_environment_hook('cpp_pubsub', 'cmake_prefix_path')
[9.746s] [34mcolcon.colcon_core.shell[0m [1;30mINFO[0m Creating environment hook 'E:\Projects\AUV\DROPLAB\ros_ws\install\share\cpp_pubsub\hook\cmake_prefix_path.ps1'
[9.748s] [34mcolcon.colcon_core.shell[0m [1;30mINFO[0m Creating environment hook 'E:\Projects\AUV\DROPLAB\ros_ws\install\share\cpp_pubsub\hook\cmake_prefix_path.bat'
[9.749s] [34mcolcon.colcon_core.shell[0m [1;30mINFO[0m Creating environment descriptor 'E:\Projects\AUV\DROPLAB\ros_ws\install\share\cpp_pubsub\hook\cmake_prefix_path.dsv'
[9.750s] [34mcolcon.colcon_core.environment[0m [1;30mLevel 1[0m checking 'E:\Projects\AUV\DROPLAB\ros_ws\install\bin'
[9.751s] [34mcolcon.colcon_core.environment[0m [1;30mLevel 1[0m checking 'E:\Projects\AUV\DROPLAB\ros_ws\install\bin'
[9.751s] [34mcolcon.colcon_core.environment[0m [1;30mLevel 1[0m checking 'E:\Projects\AUV\DROPLAB\ros_ws\install\lib\pkgconfig\cpp_pubsub.pc'
[9.751s] [34mcolcon.colcon_core.environment[0m [1;30mLevel 1[0m checking 'E:\Projects\AUV\DROPLAB\ros_ws\install\Lib\site-packages'
[9.751s] [34mcolcon.colcon_core.shell[0m [1;30mLevel 1[0m create_environment_hook('cpp_pubsub', 'pythonpath')
[9.758s] [34mcolcon.colcon_core.shell[0m [1;30mINFO[0m Creating environment hook 'E:\Projects\AUV\DROPLAB\ros_ws\install\share\cpp_pubsub\hook\pythonpath.ps1'
[9.759s] [34mcolcon.colcon_core.shell[0m [1;30mINFO[0m Creating environment hook 'E:\Projects\AUV\DROPLAB\ros_ws\install\share\cpp_pubsub\hook\pythonpath.bat'
[9.760s] [34mcolcon.colcon_core.shell[0m [1;30mINFO[0m Creating environment descriptor 'E:\Projects\AUV\DROPLAB\ros_ws\install\share\cpp_pubsub\hook\pythonpath.dsv'
[9.762s] [34mcolcon.colcon_core.environment[0m [1;30mLevel 1[0m checking 'E:\Projects\AUV\DROPLAB\ros_ws\install\Scripts'
[9.768s] [34mcolcon.colcon_core.shell[0m [1;30mINFO[0m Creating package script 'E:\Projects\AUV\DROPLAB\ros_ws\install\share\cpp_pubsub\package.ps1'
[9.770s] [34mcolcon.colcon_core.shell[0m [1;30mINFO[0m Creating package script 'E:\Projects\AUV\DROPLAB\ros_ws\install\share\cpp_pubsub\package.bat'
[9.771s] [34mcolcon.colcon_core.shell[0m [1;30mINFO[0m Creating package descriptor 'E:\Projects\AUV\DROPLAB\ros_ws\install\share\cpp_pubsub\package.dsv'
[9.773s] [34mcolcon.colcon_core.environment[0m [1;30mLevel 1[0m create_file_with_runtime_dependencies(E:\Projects\AUV\DROPLAB\ros_ws\install\share\colcon-core\packages\cpp_pubsub)
[9.783s] [34mcolcon.colcon_parallel_executor.executor.parallel[0m [1;30mDEBUG[0m [32mrun_until_complete finished with '1'[0m
[9.783s] [34mcolcon.colcon_core.event_reactor[0m [1;30mDEBUG[0m [32mjoining thread[0m
[9.801s] [34mcolcon.colcon_core.plugin_system[0m [1;30mINFO[0m Skipping extension 'colcon_notification.desktop_notification.notify2': 'notify2' not found
[9.801s] [34mcolcon.colcon_core.plugin_system[0m [1;30mINFO[0m Skipping extension 'colcon_notification.desktop_notification.notify_send': Not used on non-Linux systems
[9.801s] [34mcolcon.colcon_core.plugin_system[0m [1;30mINFO[0m Skipping extension 'colcon_notification.desktop_notification.terminal_notifier': Not used on non-Darwin systems
[9.801s] [34mcolcon.colcon_notification.desktop_notification[0m [1;30mINFO[0m Sending desktop notification using 'win32'
[14.898s] [34mcolcon.colcon_core.event_reactor[0m [1;30mDEBUG[0m [32mjoined thread[0m
[14.907s] [34mcolcon.colcon_core.shell[0m [1;30mINFO[0m Creating prefix script 'E:\Projects\AUV\DROPLAB\ros_ws\install\local_setup.ps1'
[14.911s] [34mcolcon.colcon_core.shell[0m [1;30mINFO[0m Creating prefix util module 'E:\Projects\AUV\DROPLAB\ros_ws\install\_local_setup_util_ps1.py'
[14.914s] [34mcolcon.colcon_core.shell[0m [1;30mINFO[0m Creating prefix chain script 'E:\Projects\AUV\DROPLAB\ros_ws\install\setup.ps1'
[14.931s] [34mcolcon.colcon_core.shell[0m [1;30mINFO[0m Creating prefix script 'E:\Projects\AUV\DROPLAB\ros_ws\install\local_setup.bat'
[14.933s] [34mcolcon.colcon_core.shell[0m [1;30mINFO[0m Creating prefix util module 'E:\Projects\AUV\DROPLAB\ros_ws\install\_local_setup_util_bat.py'
[14.936s] [34mcolcon.colcon_core.shell[0m [1;30mINFO[0m Creating prefix chain script 'E:\Projects\AUV\DROPLAB\ros_ws\install\setup.bat'
