[1.054s] [34mcolcon[0m [1;30mDEBUG[0m [32mCommand line arguments: ['C:\\Python38\\Scripts\\colcon', 'build', '--packages-select', 'flir_subscriber'][0m
[1.054s] [34mcolcon[0m [1;30mDEBUG[0m [32mParsed command line arguments: Namespace(ament_cmake_args=None, base_paths=['.'], build_base='build', catkin_cmake_args=None, catkin_skip_building_tests=False, cmake_args=None, cmake_clean_cache=False, cmake_clean_first=False, cmake_force_configure=False, cmake_target=None, cmake_target_skip_unavailable=False, continue_on_error=False, event_handlers=None, executor='parallel', ignore_user_meta=False, install_base='install', log_base=None, log_level=None, main=<bound method BuildVerb.main of <colcon_core.verb.build.BuildVerb object at 0x000001A777E5E700>>, merge_install=False, metas=['./colcon.meta'], packages_above=None, packages_above_and_dependencies=None, packages_above_depth=None, packages_end=None, packages_ignore=None, packages_ignore_regex=None, packages_select=['flir_subscriber'], packages_select_build_failed=False, packages_select_by_dep=None, packages_select_regex=None, packages_select_test_failures=False, packages_skip=None, packages_skip_build_finished=False, packages_skip_by_dep=None, packages_skip_regex=None, packages_skip_test_passed=False, packages_skip_up_to=None, packages_start=None, packages_up_to=None, packages_up_to_regex=None, parallel_workers=16, paths=None, symlink_install=False, test_result_base=None, verb_extension=<colcon_core.verb.build.BuildVerb object at 0x000001A777E5E700>, verb_name='build', verb_parser=<colcon_defaults.argument_parser.defaults.DefaultArgumentsDecorator object at 0x000001A777FC00D0>)[0m
[1.480s] [34mcolcon.colcon_core.package_discovery[0m [1;30mLevel 1[0m discover_packages(colcon_meta) check parameters
[1.480s] [34mcolcon.colcon_core.package_discovery[0m [1;30mLevel 1[0m discover_packages(recursive) check parameters
[1.480s] [34mcolcon.colcon_core.package_discovery[0m [1;30mLevel 1[0m discover_packages(ignore) check parameters
[1.480s] [34mcolcon.colcon_core.package_discovery[0m [1;30mLevel 1[0m discover_packages(path) check parameters
[1.480s] [34mcolcon.colcon_core.package_discovery[0m [1;30mLevel 1[0m discover_packages(colcon_meta) discover
[1.480s] [34mcolcon.colcon_core.package_discovery[0m [1;30mLevel 1[0m discover_packages(recursive) discover
[1.481s] [34mcolcon.colcon_core.package_discovery[0m [1;30mINFO[0m Crawling recursively for packages in 'E:\Projects\AUV\DROPLAB\ros_ws'
[1.481s] [34mcolcon.colcon_core.package_identification[0m [1;30mLevel 1[0m _identify(.) by extensions ['ignore', 'ignore_ament_install']
[1.481s] [34mcolcon.colcon_core.package_identification[0m [1;30mLevel 1[0m _identify(.) by extension 'ignore'
[1.481s] [34mcolcon.colcon_core.package_identification[0m [1;30mLevel 1[0m _identify(.) by extension 'ignore_ament_install'
[1.482s] [34mcolcon.colcon_core.package_identification[0m [1;30mLevel 1[0m _identify(.) by extensions ['colcon_pkg']
[1.482s] [34mcolcon.colcon_core.package_identification[0m [1;30mLevel 1[0m _identify(.) by extension 'colcon_pkg'
[1.482s] [34mcolcon.colcon_core.package_identification[0m [1;30mLevel 1[0m _identify(.) by extensions ['colcon_meta']
[1.482s] [34mcolcon.colcon_core.package_identification[0m [1;30mLevel 1[0m _identify(.) by extension 'colcon_meta'
[1.482s] [34mcolcon.colcon_core.package_identification[0m [1;30mLevel 1[0m _identify(.) by extensions ['ros']
[1.482s] [34mcolcon.colcon_core.package_identification[0m [1;30mLevel 1[0m _identify(.) by extension 'ros'
[1.518s] [34mcolcon.colcon_core.package_identification[0m [1;30mLevel 1[0m _identify(.) by extensions ['cmake', 'python']
[1.518s] [34mcolcon.colcon_core.package_identification[0m [1;30mLevel 1[0m _identify(.) by extension 'cmake'
[1.518s] [34mcolcon.colcon_core.package_identification[0m [1;30mLevel 1[0m _identify(.) by extension 'python'
[1.518s] [34mcolcon.colcon_core.package_identification[0m [1;30mLevel 1[0m _identify(.) by extensions ['python_setup_py']
[1.518s] [34mcolcon.colcon_core.package_identification[0m [1;30mLevel 1[0m _identify(.) by extension 'python_setup_py'
[1.519s] [34mcolcon.colcon_core.package_identification[0m [1;30mLevel 1[0m _identify(build) by extensions ['ignore', 'ignore_ament_install']
[1.519s] [34mcolcon.colcon_core.package_identification[0m [1;30mLevel 1[0m _identify(build) by extension 'ignore'
[1.519s] [34mcolcon.colcon_core.package_identification[0m [1;30mLevel 1[0m _identify(build) ignored
[1.520s] [34mcolcon.colcon_core.package_identification[0m [1;30mLevel 1[0m _identify(install) by extensions ['ignore', 'ignore_ament_install']
[1.520s] [34mcolcon.colcon_core.package_identification[0m [1;30mLevel 1[0m _identify(install) by extension 'ignore'
[1.520s] [34mcolcon.colcon_core.package_identification[0m [1;30mLevel 1[0m _identify(install) ignored
[1.520s] [34mcolcon.colcon_core.package_identification[0m [1;30mLevel 1[0m _identify(install_) by extensions ['ignore', 'ignore_ament_install']
[1.520s] [34mcolcon.colcon_core.package_identification[0m [1;30mLevel 1[0m _identify(install_) by extension 'ignore'
[1.521s] [34mcolcon.colcon_core.package_identification[0m [1;30mLevel 1[0m _identify(install_) by extension 'ignore_ament_install'
[1.521s] [34mcolcon.colcon_core.package_identification[0m [1;30mLevel 1[0m _identify(install_) by extensions ['colcon_pkg']
[1.521s] [34mcolcon.colcon_core.package_identification[0m [1;30mLevel 1[0m _identify(install_) by extension 'colcon_pkg'
[1.521s] [34mcolcon.colcon_core.package_identification[0m [1;30mLevel 1[0m _identify(install_) by extensions ['colcon_meta']
[1.521s] [34mcolcon.colcon_core.package_identification[0m [1;30mLevel 1[0m _identify(install_) by extension 'colcon_meta'
[1.521s] [34mcolcon.colcon_core.package_identification[0m [1;30mLevel 1[0m _identify(install_) by extensions ['ros']
[1.522s] [34mcolcon.colcon_core.package_identification[0m [1;30mLevel 1[0m _identify(install_) by extension 'ros'
[1.522s] [34mcolcon.colcon_core.package_identification[0m [1;30mLevel 1[0m _identify(install_) by extensions ['cmake', 'python']
[1.522s] [34mcolcon.colcon_core.package_identification[0m [1;30mLevel 1[0m _identify(install_) by extension 'cmake'
[1.522s] [34mcolcon.colcon_core.package_identification[0m [1;30mLevel 1[0m _identify(install_) by extension 'python'
[1.522s] [34mcolcon.colcon_core.package_identification[0m [1;30mLevel 1[0m _identify(install_) by extensions ['python_setup_py']
[1.522s] [34mcolcon.colcon_core.package_identification[0m [1;30mLevel 1[0m _identify(install_) by extension 'python_setup_py'
[1.523s] [34mcolcon.colcon_core.package_identification[0m [1;30mLevel 1[0m _identify(install_old) by extensions ['ignore', 'ignore_ament_install']
[1.524s] [34mcolcon.colcon_core.package_identification[0m [1;30mLevel 1[0m _identify(install_old) by extension 'ignore'
[1.524s] [34mcolcon.colcon_core.package_identification[0m [1;30mLevel 1[0m _identify(install_old) ignored
[1.525s] [34mcolcon.colcon_core.package_identification[0m [1;30mLevel 1[0m _identify(log) by extensions ['ignore', 'ignore_ament_install']
[1.525s] [34mcolcon.colcon_core.package_identification[0m [1;30mLevel 1[0m _identify(log) by extension 'ignore'
[1.525s] [34mcolcon.colcon_core.package_identification[0m [1;30mLevel 1[0m _identify(log) ignored
[1.525s] [34mcolcon.colcon_core.package_identification[0m [1;30mLevel 1[0m _identify(src) by extensions ['ignore', 'ignore_ament_install']
[1.526s] [34mcolcon.colcon_core.package_identification[0m [1;30mLevel 1[0m _identify(src) by extension 'ignore'
[1.526s] [34mcolcon.colcon_core.package_identification[0m [1;30mLevel 1[0m _identify(src) by extension 'ignore_ament_install'
[1.526s] [34mcolcon.colcon_core.package_identification[0m [1;30mLevel 1[0m _identify(src) by extensions ['colcon_pkg']
[1.526s] [34mcolcon.colcon_core.package_identification[0m [1;30mLevel 1[0m _identify(src) by extension 'colcon_pkg'
[1.526s] [34mcolcon.colcon_core.package_identification[0m [1;30mLevel 1[0m _identify(src) by extensions ['colcon_meta']
[1.526s] [34mcolcon.colcon_core.package_identification[0m [1;30mLevel 1[0m _identify(src) by extension 'colcon_meta'
[1.527s] [34mcolcon.colcon_core.package_identification[0m [1;30mLevel 1[0m _identify(src) by extensions ['ros']
[1.527s] [34mcolcon.colcon_core.package_identification[0m [1;30mLevel 1[0m _identify(src) by extension 'ros'
[1.527s] [34mcolcon.colcon_core.package_identification[0m [1;30mLevel 1[0m _identify(src) by extensions ['cmake', 'python']
[1.527s] [34mcolcon.colcon_core.package_identification[0m [1;30mLevel 1[0m _identify(src) by extension 'cmake'
[1.527s] [34mcolcon.colcon_core.package_identification[0m [1;30mLevel 1[0m _identify(src) by extension 'python'
[1.528s] [34mcolcon.colcon_core.package_identification[0m [1;30mLevel 1[0m _identify(src) by extensions ['python_setup_py']
[1.528s] [34mcolcon.colcon_core.package_identification[0m [1;30mLevel 1[0m _identify(src) by extension 'python_setup_py'
[1.528s] [34mcolcon.colcon_core.package_identification[0m [1;30mLevel 1[0m _identify(src\cpp_pubsub) by extensions ['ignore', 'ignore_ament_install']
[1.528s] [34mcolcon.colcon_core.package_identification[0m [1;30mLevel 1[0m _identify(src\cpp_pubsub) by extension 'ignore'
[1.529s] [34mcolcon.colcon_core.package_identification[0m [1;30mLevel 1[0m _identify(src\cpp_pubsub) by extension 'ignore_ament_install'
[1.529s] [34mcolcon.colcon_core.package_identification[0m [1;30mLevel 1[0m _identify(src\cpp_pubsub) by extensions ['colcon_pkg']
[1.529s] [34mcolcon.colcon_core.package_identification[0m [1;30mLevel 1[0m _identify(src\cpp_pubsub) by extension 'colcon_pkg'
[1.529s] [34mcolcon.colcon_core.package_identification[0m [1;30mLevel 1[0m _identify(src\cpp_pubsub) by extensions ['colcon_meta']
[1.529s] [34mcolcon.colcon_core.package_identification[0m [1;30mLevel 1[0m _identify(src\cpp_pubsub) by extension 'colcon_meta'
[1.529s] [34mcolcon.colcon_core.package_identification[0m [1;30mLevel 1[0m _identify(src\cpp_pubsub) by extensions ['ros']
[1.530s] [34mcolcon.colcon_core.package_identification[0m [1;30mLevel 1[0m _identify(src\cpp_pubsub) by extension 'ros'
[1.545s] [34mcolcon.colcon_core.package_identification[0m [1;30mDEBUG[0m [32mPackage 'src\cpp_pubsub' with type 'ros.ament_cmake' and name 'cpp_pubsub'[0m
[1.545s] [34mcolcon.colcon_core.package_identification[0m [1;30mLevel 1[0m _identify(src\flir_subscriber) by extensions ['ignore', 'ignore_ament_install']
[1.545s] [34mcolcon.colcon_core.package_identification[0m [1;30mLevel 1[0m _identify(src\flir_subscriber) by extension 'ignore'
[1.546s] [34mcolcon.colcon_core.package_identification[0m [1;30mLevel 1[0m _identify(src\flir_subscriber) by extension 'ignore_ament_install'
[1.546s] [34mcolcon.colcon_core.package_identification[0m [1;30mLevel 1[0m _identify(src\flir_subscriber) by extensions ['colcon_pkg']
[1.546s] [34mcolcon.colcon_core.package_identification[0m [1;30mLevel 1[0m _identify(src\flir_subscriber) by extension 'colcon_pkg'
[1.546s] [34mcolcon.colcon_core.package_identification[0m [1;30mLevel 1[0m _identify(src\flir_subscriber) by extensions ['colcon_meta']
[1.546s] [34mcolcon.colcon_core.package_identification[0m [1;30mLevel 1[0m _identify(src\flir_subscriber) by extension 'colcon_meta'
[1.546s] [34mcolcon.colcon_core.package_identification[0m [1;30mLevel 1[0m _identify(src\flir_subscriber) by extensions ['ros']
[1.547s] [34mcolcon.colcon_core.package_identification[0m [1;30mLevel 1[0m _identify(src\flir_subscriber) by extension 'ros'
[1.548s] [34mcolcon.colcon_core.package_identification[0m [1;30mDEBUG[0m [32mPackage 'src\flir_subscriber' with type 'ros.ament_python' and name 'flir_subscriber'[0m
[1.548s] [34mcolcon.colcon_core.package_identification[0m [1;30mLevel 1[0m _identify(src\joystick_publisher) by extensions ['ignore', 'ignore_ament_install']
[1.549s] [34mcolcon.colcon_core.package_identification[0m [1;30mLevel 1[0m _identify(src\joystick_publisher) by extension 'ignore'
[1.549s] [34mcolcon.colcon_core.package_identification[0m [1;30mLevel 1[0m _identify(src\joystick_publisher) by extension 'ignore_ament_install'
[1.549s] [34mcolcon.colcon_core.package_identification[0m [1;30mLevel 1[0m _identify(src\joystick_publisher) by extensions ['colcon_pkg']
[1.549s] [34mcolcon.colcon_core.package_identification[0m [1;30mLevel 1[0m _identify(src\joystick_publisher) by extension 'colcon_pkg'
[1.549s] [34mcolcon.colcon_core.package_identification[0m [1;30mLevel 1[0m _identify(src\joystick_publisher) by extensions ['colcon_meta']
[1.549s] [34mcolcon.colcon_core.package_identification[0m [1;30mLevel 1[0m _identify(src\joystick_publisher) by extension 'colcon_meta'
[1.550s] [34mcolcon.colcon_core.package_identification[0m [1;30mLevel 1[0m _identify(src\joystick_publisher) by extensions ['ros']
[1.550s] [34mcolcon.colcon_core.package_identification[0m [1;30mLevel 1[0m _identify(src\joystick_publisher) by extension 'ros'
[1.552s] [34mcolcon.colcon_core.package_identification[0m [1;30mDEBUG[0m [32mPackage 'src\joystick_publisher' with type 'ros.ament_python' and name 'joystick_publisher'[0m
[1.552s] [34mcolcon.colcon_core.package_discovery[0m [1;30mLevel 1[0m discover_packages(recursive) using defaults
[1.552s] [34mcolcon.colcon_core.package_discovery[0m [1;30mLevel 1[0m discover_packages(ignore) discover
[1.552s] [34mcolcon.colcon_core.package_discovery[0m [1;30mLevel 1[0m discover_packages(ignore) using defaults
[1.552s] [34mcolcon.colcon_core.package_discovery[0m [1;30mLevel 1[0m discover_packages(path) discover
[1.552s] [34mcolcon.colcon_core.package_discovery[0m [1;30mLevel 1[0m discover_packages(path) using defaults
[1.647s] [34mcolcon.colcon_core.package_selection[0m [1;30mINFO[0m Skipping not selected package 'cpp_pubsub' in 'src\cpp_pubsub'
[1.647s] [34mcolcon.colcon_core.package_selection[0m [1;30mINFO[0m Skipping not selected package 'joystick_publisher' in 'src\joystick_publisher'
[1.663s] [34mcolcon.colcon_core.verb[0m [1;30mLevel 5[0m set package 'flir_subscriber' build argument 'cmake_args' from command line to 'None'
[1.663s] [34mcolcon.colcon_core.verb[0m [1;30mLevel 5[0m set package 'flir_subscriber' build argument 'cmake_target' from command line to 'None'
[1.663s] [34mcolcon.colcon_core.verb[0m [1;30mLevel 5[0m set package 'flir_subscriber' build argument 'cmake_target_skip_unavailable' from command line to 'False'
[1.663s] [34mcolcon.colcon_core.verb[0m [1;30mLevel 5[0m set package 'flir_subscriber' build argument 'cmake_clean_cache' from command line to 'False'
[1.663s] [34mcolcon.colcon_core.verb[0m [1;30mLevel 5[0m set package 'flir_subscriber' build argument 'cmake_clean_first' from command line to 'False'
[1.664s] [34mcolcon.colcon_core.verb[0m [1;30mLevel 5[0m set package 'flir_subscriber' build argument 'cmake_force_configure' from command line to 'False'
[1.664s] [34mcolcon.colcon_core.verb[0m [1;30mLevel 5[0m set package 'flir_subscriber' build argument 'ament_cmake_args' from command line to 'None'
[1.664s] [34mcolcon.colcon_core.verb[0m [1;30mLevel 5[0m set package 'flir_subscriber' build argument 'catkin_cmake_args' from command line to 'None'
[1.664s] [34mcolcon.colcon_core.verb[0m [1;30mLevel 5[0m set package 'flir_subscriber' build argument 'catkin_skip_building_tests' from command line to 'False'
[1.664s] [34mcolcon.colcon_core.verb[0m [1;30mDEBUG[0m [32mBuilding package 'flir_subscriber' with the following arguments: {'ament_cmake_args': None, 'build_base': 'E:\\Projects\\AUV\\DROPLAB\\ros_ws\\build\\flir_subscriber', 'catkin_cmake_args': None, 'catkin_skip_building_tests': False, 'cmake_args': None, 'cmake_clean_cache': False, 'cmake_clean_first': False, 'cmake_force_configure': False, 'cmake_target': None, 'cmake_target_skip_unavailable': False, 'install_base': 'E:\\Projects\\AUV\\DROPLAB\\ros_ws\\install\\flir_subscriber', 'merge_install': False, 'path': 'E:\\Projects\\AUV\\DROPLAB\\ros_ws\\src\\flir_subscriber', 'symlink_install': False, 'test_result_base': None}[0m
[1.669s] [34mcolcon.colcon_core.executor[0m [1;30mINFO[0m Executing jobs using 'parallel' executor
[1.700s] [34mcolcon.colcon_parallel_executor.executor.parallel[0m [1;30mDEBUG[0m [32mrun_until_complete[0m
[1.701s] [34mcolcon.colcon_ros.task.ament_python.build[0m [1;30mINFO[0m Building ROS package in 'E:\Projects\AUV\DROPLAB\ros_ws\src\flir_subscriber' with build type 'ament_python'
[1.701s] [34mcolcon.colcon_core.shell[0m [1;30mLevel 1[0m create_environment_hook('flir_subscriber', 'ament_prefix_path')
[1.713s] [34mcolcon.colcon_core.plugin_system[0m [1;30mINFO[0m Skipping extension 'colcon_core.shell.sh': Not used on Windows systems
[1.714s] [34mcolcon.colcon_core.shell[0m [1;30mINFO[0m Creating environment hook 'E:\Projects\AUV\DROPLAB\ros_ws\install\flir_subscriber\share\flir_subscriber\hook\ament_prefix_path.ps1'
[1.718s] [34mcolcon.colcon_core.shell[0m [1;30mINFO[0m Creating environment hook 'E:\Projects\AUV\DROPLAB\ros_ws\install\flir_subscriber\share\flir_subscriber\hook\ament_prefix_path.bat'
[1.721s] [34mcolcon.colcon_core.shell[0m [1;30mINFO[0m Creating environment descriptor 'E:\Projects\AUV\DROPLAB\ros_ws\install\flir_subscriber\share\flir_subscriber\hook\ament_prefix_path.dsv'
[1.733s] [34mcolcon.colcon_core.shell[0m [1;30mINFO[0m Skip shell extension 'powershell' for command environment: Not usable outside of PowerShell
[3.118s] [34mcolcon.colcon_core.task.python.build[0m [1;30mINFO[0m Building Python package in 'E:\Projects\AUV\DROPLAB\ros_ws\src\flir_subscriber'
[3.127s] [34mcolcon.colcon_core.shell[0m [1;30mINFO[0m Skip shell extension 'powershell' for command environment: Not usable outside of PowerShell
[4.960s] [34mcolcon.colcon_core.event_handler.log_command[0m [1;30mDEBUG[0m [32mInvoking command in 'E:\Projects\AUV\DROPLAB\ros_ws\src\flir_subscriber': PYTHONPATH=E:\Projects\AUV\DROPLAB\ros_ws\build\flir_subscriber\prefix_override;E:\Projects\AUV\DROPLAB\ros_ws\install\flir_subscriber\Lib\site-packages;%PYTHONPATH% c:\python38\python.exe setup.py egg_info --egg-base ..\..\build\flir_subscriber build --build-base E:\Projects\AUV\DROPLAB\ros_ws\build\flir_subscriber\build install --record E:\Projects\AUV\DROPLAB\ros_ws\build\flir_subscriber\install.log --install-scripts $base/lib/flir_subscriber --single-version-externally-managed[0m
[7.071s] [34mcolcon.colcon_core.event_handler.log_command[0m [1;30mDEBUG[0m [32mInvoked command in 'E:\Projects\AUV\DROPLAB\ros_ws\src\flir_subscriber' returned '0': PYTHONPATH=E:\Projects\AUV\DROPLAB\ros_ws\build\flir_subscriber\prefix_override;E:\Projects\AUV\DROPLAB\ros_ws\install\flir_subscriber\Lib\site-packages;%PYTHONPATH% c:\python38\python.exe setup.py egg_info --egg-base ..\..\build\flir_subscriber build --build-base E:\Projects\AUV\DROPLAB\ros_ws\build\flir_subscriber\build install --record E:\Projects\AUV\DROPLAB\ros_ws\build\flir_subscriber\install.log --install-scripts $base/lib/flir_subscriber --single-version-externally-managed[0m
[7.102s] [34mcolcon.colcon_core.environment[0m [1;30mLevel 1[0m checking 'E:\Projects\AUV\DROPLAB\ros_ws\install\flir_subscriber' for CMake module files
[7.104s] [34mcolcon.colcon_core.environment[0m [1;30mLevel 1[0m checking 'E:\Projects\AUV\DROPLAB\ros_ws\install\flir_subscriber' for CMake config files
[7.106s] [34mcolcon.colcon_core.environment[0m [1;30mLevel 1[0m checking 'E:\Projects\AUV\DROPLAB\ros_ws\install\flir_subscriber\bin'
[7.107s] [34mcolcon.colcon_core.environment[0m [1;30mLevel 1[0m checking 'E:\Projects\AUV\DROPLAB\ros_ws\install\flir_subscriber\bin'
[7.107s] [34mcolcon.colcon_core.environment[0m [1;30mLevel 1[0m checking 'E:\Projects\AUV\DROPLAB\ros_ws\install\flir_subscriber\lib\pkgconfig\flir_subscriber.pc'
[7.107s] [34mcolcon.colcon_core.environment[0m [1;30mLevel 1[0m checking 'E:\Projects\AUV\DROPLAB\ros_ws\install\flir_subscriber\Lib\site-packages'
[7.107s] [34mcolcon.colcon_core.shell[0m [1;30mLevel 1[0m create_environment_hook('flir_subscriber', 'pythonpath')
[7.113s] [34mcolcon.colcon_core.shell[0m [1;30mINFO[0m Creating environment hook 'E:\Projects\AUV\DROPLAB\ros_ws\install\flir_subscriber\share\flir_subscriber\hook\pythonpath.ps1'
[7.115s] [34mcolcon.colcon_core.shell[0m [1;30mINFO[0m Creating environment hook 'E:\Projects\AUV\DROPLAB\ros_ws\install\flir_subscriber\share\flir_subscriber\hook\pythonpath.bat'
[7.116s] [34mcolcon.colcon_core.shell[0m [1;30mINFO[0m Creating environment descriptor 'E:\Projects\AUV\DROPLAB\ros_ws\install\flir_subscriber\share\flir_subscriber\hook\pythonpath.dsv'
[7.118s] [34mcolcon.colcon_core.environment[0m [1;30mLevel 1[0m checking 'E:\Projects\AUV\DROPLAB\ros_ws\install\flir_subscriber\Scripts'
[7.118s] [34mcolcon.colcon_core.environment[0m [1;30mLevel 1[0m create_environment_scripts_only(flir_subscriber)
[7.124s] [34mcolcon.colcon_core.shell[0m [1;30mINFO[0m Creating package script 'E:\Projects\AUV\DROPLAB\ros_ws\install\flir_subscriber\share\flir_subscriber\package.ps1'
[7.126s] [34mcolcon.colcon_core.shell[0m [1;30mINFO[0m Creating package script 'E:\Projects\AUV\DROPLAB\ros_ws\install\flir_subscriber\share\flir_subscriber\package.bat'
[7.128s] [34mcolcon.colcon_core.shell[0m [1;30mINFO[0m Creating package descriptor 'E:\Projects\AUV\DROPLAB\ros_ws\install\flir_subscriber\share\flir_subscriber\package.dsv'
[7.130s] [34mcolcon.colcon_core.environment[0m [1;30mLevel 1[0m create_file_with_runtime_dependencies(E:\Projects\AUV\DROPLAB\ros_ws\install\flir_subscriber\share\colcon-core\packages\flir_subscriber)
[7.131s] [34mcolcon.colcon_parallel_executor.executor.parallel[0m [1;30mDEBUG[0m [32mrun_until_complete finished with '0'[0m
[7.131s] [34mcolcon.colcon_core.event_reactor[0m [1;30mDEBUG[0m [32mjoining thread[0m
[7.156s] [34mcolcon.colcon_core.plugin_system[0m [1;30mINFO[0m Skipping extension 'colcon_notification.desktop_notification.notify2': 'notify2' not found
[7.156s] [34mcolcon.colcon_core.plugin_system[0m [1;30mINFO[0m Skipping extension 'colcon_notification.desktop_notification.notify_send': Not used on non-Linux systems
[7.156s] [34mcolcon.colcon_core.plugin_system[0m [1;30mINFO[0m Skipping extension 'colcon_notification.desktop_notification.terminal_notifier': Not used on non-Darwin systems
[7.156s] [34mcolcon.colcon_notification.desktop_notification[0m [1;30mINFO[0m Sending desktop notification using 'win32'
[13.293s] [34mcolcon.colcon_core.event_reactor[0m [1;30mDEBUG[0m [32mjoined thread[0m
[13.300s] [34mcolcon.colcon_core.shell[0m [1;30mINFO[0m Creating prefix script 'E:\Projects\AUV\DROPLAB\ros_ws\install\local_setup.ps1'
[13.420s] [34mcolcon.colcon_core.shell[0m [1;30mINFO[0m Creating prefix util module 'E:\Projects\AUV\DROPLAB\ros_ws\install\_local_setup_util_ps1.py'
[13.537s] [34mcolcon.colcon_core.shell[0m [1;30mINFO[0m Creating prefix chain script 'E:\Projects\AUV\DROPLAB\ros_ws\install\setup.ps1'
[13.552s] [34mcolcon.colcon_core.shell[0m [1;30mINFO[0m Creating prefix script 'E:\Projects\AUV\DROPLAB\ros_ws\install\local_setup.bat'
[13.554s] [34mcolcon.colcon_core.shell[0m [1;30mINFO[0m Creating prefix util module 'E:\Projects\AUV\DROPLAB\ros_ws\install\_local_setup_util_bat.py'
[13.556s] [34mcolcon.colcon_core.shell[0m [1;30mINFO[0m Creating prefix chain script 'E:\Projects\AUV\DROPLAB\ros_ws\install\setup.bat'
