-- Selecting Windows SDK version 10.0.22000.0 to target Windows 10.0.22621.
-- Found ament_cmake: 0.9.11 (E:/dev/ros2_foxy/share/ament_cmake/cmake)
-- Using PYTHON_EXECUTABLE: C:/Python38/python.exe
-- Found rclcpp: 2.4.2 (E:/dev/ros2_foxy/share/rclcpp/cmake)
-- Using all available rosidl_typesupport_c: rosidl_typesupport_connext_c;rosidl_typesupport_fastrtps_c;rosidl_typesupport_introspection_c
-- Found rosidl_adapter: 1.3.0 (E:/dev/ros2_foxy/share/rosidl_adapter/cmake)
-- Could not find RTI Connext - skipping rosidl_typesupport_connext_c
-- Could not find RTI Connext - skipping rosidl_typesupport_connext_cpp
-- Using all available rosidl_typesupport_cpp: rosidl_typesupport_connext_cpp;rosidl_typesupport_fastrtps_cpp;rosidl_typesupport_introspection_cpp
-- Found rmw_implementation_cmake: 1.0.4 (E:/dev/ros2_foxy/share/rmw_implementation_cmake/cmake)
-- Using RMW implementation 'rmw_fastrtps_cpp' as default
-- Found std_msgs: 2.0.5 (E:/dev/ros2_foxy/share/std_msgs/cmake)
-- Configuring done (5.7s)
-- Generating done (0.2s)
-- Build files have been written to: E:/Projects/AUV/DROPLAB/ros_ws/build/cpp_pubsub
MSBuild version 17.5.1+f6fdcf537 for .NET Framework

  Checking Build System
  Building Custom Rule E:/Projects/AUV/DROPLAB/ros_ws/src/cpp_pubsub/CMakeLists.txt
  listener.vcxproj -> E:\Projects\AUV\DROPLAB\ros_ws\build\cpp_pubsub\Release\listener.exe
  Building Custom Rule E:/Projects/AUV/DROPLAB/ros_ws/src/cpp_pubsub/CMakeLists.txt
  publisher_member_function.cpp
  talker.vcxproj -> E:\Projects\AUV\DROPLAB\ros_ws\build\cpp_pubsub\Release\talker.exe
  Building Custom Rule E:/Projects/AUV/DROPLAB/ros_ws/src/cpp_pubsub/CMakeLists.txt
-- Installing: E:/Projects/AUV/DROPLAB/ros_ws/install/lib/cpp_pubsub/talker.exe
-- Up-to-date: E:/Projects/AUV/DROPLAB/ros_ws/install/lib/cpp_pubsub/listener.exe
-- Up-to-date: E:/Projects/AUV/DROPLAB/ros_ws/install/share/ament_index/resource_index/package_run_dependencies/cpp_pubsub
-- Up-to-date: E:/Projects/AUV/DROPLAB/ros_ws/install/share/ament_index/resource_index/parent_prefix_path/cpp_pubsub
-- Up-to-date: E:/Projects/AUV/DROPLAB/ros_ws/install/share/cpp_pubsub/environment/ament_prefix_path.bat
-- Installing: E:/Projects/AUV/DROPLAB/ros_ws/install/share/cpp_pubsub/environment/ament_prefix_path.dsv
-- Up-to-date: E:/Projects/AUV/DROPLAB/ros_ws/install/share/cpp_pubsub/environment/path.bat
-- Installing: E:/Projects/AUV/DROPLAB/ros_ws/install/share/cpp_pubsub/environment/path.dsv
-- Up-to-date: E:/Projects/AUV/DROPLAB/ros_ws/install/share/cpp_pubsub/local_setup.bat
-- Installing: E:/Projects/AUV/DROPLAB/ros_ws/install/share/cpp_pubsub/local_setup.dsv
-- Installing: E:/Projects/AUV/DROPLAB/ros_ws/install/share/cpp_pubsub/package.dsv
-- Up-to-date: E:/Projects/AUV/DROPLAB/ros_ws/install/share/ament_index/resource_index/packages/cpp_pubsub
-- Up-to-date: E:/Projects/AUV/DROPLAB/ros_ws/install/share/cpp_pubsub/cmake/cpp_pubsubConfig.cmake
-- Up-to-date: E:/Projects/AUV/DROPLAB/ros_ws/install/share/cpp_pubsub/cmake/cpp_pubsubConfig-version.cmake
-- Up-to-date: E:/Projects/AUV/DROPLAB/ros_ws/install/share/cpp_pubsub/package.xml
