running egg_info
creating ..\..\build\joystick_publisher\joystick_publisher.egg-info
writing ..\..\build\joystick_publisher\joystick_publisher.egg-info\PKG-INFO
writing dependency_links to ..\..\build\joystick_publisher\joystick_publisher.egg-info\dependency_links.txt
writing entry points to ..\..\build\joystick_publisher\joystick_publisher.egg-info\entry_points.txt
writing requirements to ..\..\build\joystick_publisher\joystick_publisher.egg-info\requires.txt
writing top-level names to ..\..\build\joystick_publisher\joystick_publisher.egg-info\top_level.txt
writing manifest file '..\..\build\joystick_publisher\joystick_publisher.egg-info\SOURCES.txt'
reading manifest file '..\..\build\joystick_publisher\joystick_publisher.egg-info\SOURCES.txt'
writing manifest file '..\..\build\joystick_publisher\joystick_publisher.egg-info\SOURCES.txt'
running build
running build_py
creating E:\Projects\AUV\DROPLAB\ros_ws\build\joystick_publisher\build
creating E:\Projects\AUV\DROPLAB\ros_ws\build\joystick_publisher\build\lib
creating E:\Projects\AUV\DROPLAB\ros_ws\build\joystick_publisher\build\lib\joystick_publisher
copying joystick_publisher\joystick_publisher_node.py -> E:\Projects\AUV\DROPLAB\ros_ws\build\joystick_publisher\build\lib\joystick_publisher
copying joystick_publisher\__init__.py -> E:\Projects\AUV\DROPLAB\ros_ws\build\joystick_publisher\build\lib\joystick_publisher
running install
running install_lib
creating E:\Projects\AUV\DROPLAB\ros_ws\install\Lib\site-packages\joystick_publisher
copying E:\Projects\AUV\DROPLAB\ros_ws\build\joystick_publisher\build\lib\joystick_publisher\joystick_publisher_node.py -> E:\Projects\AUV\DROPLAB\ros_ws\install\Lib\site-packages\joystick_publisher
copying E:\Projects\AUV\DROPLAB\ros_ws\build\joystick_publisher\build\lib\joystick_publisher\__init__.py -> E:\Projects\AUV\DROPLAB\ros_ws\install\Lib\site-packages\joystick_publisher
byte-compiling E:\Projects\AUV\DROPLAB\ros_ws\install\Lib\site-packages\joystick_publisher\joystick_publisher_node.py to joystick_publisher_node.cpython-38.pyc
byte-compiling E:\Projects\AUV\DROPLAB\ros_ws\install\Lib\site-packages\joystick_publisher\__init__.py to __init__.cpython-38.pyc
running install_data
copying resource\joystick_publisher -> E:\Projects\AUV\DROPLAB\ros_ws\install\share\ament_index\resource_index\packages
copying package.xml -> E:\Projects\AUV\DROPLAB\ros_ws\install\share\joystick_publisher
running install_egg_info
Copying ..\..\build\joystick_publisher\joystick_publisher.egg-info to E:\Projects\AUV\DROPLAB\ros_ws\install\Lib\site-packages\joystick_publisher-0.0.0-py3.8.egg-info
running install_scripts
Installing joystick_publisher_node-script.py script to E:\Projects\AUV\DROPLAB\ros_ws\install\lib\joystick_publisher
Installing joystick_publisher_node.exe script to E:\Projects\AUV\DROPLAB\ros_ws\install\lib\joystick_publisher
writing list of installed files to 'E:\Projects\AUV\DROPLAB\ros_ws\build\joystick_publisher\install.log'
c:\python38\lib\site-packages\setuptools\dist.py:755: SetuptoolsDeprecationWarning: Invalid dash-separated options
!!

        ********************************************************************************
        Usage of dash-separated 'script-dir' will not be supported in future
        versions. Please use the underscore name 'script_dir' instead.

        By 2023-Sep-26, you need to update your project and remove deprecated calls
        or your builds will no longer be supported.

        See https://setuptools.pypa.io/en/latest/userguide/declarative_config.html for details.
        ********************************************************************************

!!
  opt = self.warn_dash_deprecation(opt, section)
c:\python38\lib\site-packages\setuptools\_distutils\cmd.py:66: SetuptoolsDeprecationWarning: setup.py install is deprecated.
!!

        ********************************************************************************
        Please avoid running ``setup.py`` directly.
        Instead, use pypa/build, pypa/installer, pypa/build or
        other standards-based tools.

        See https://blog.ganssle.io/articles/2021/10/setup-py-deprecated.html for details.
        ********************************************************************************

!!
  self.initialize_options()
