[3.469s] Invoking command in 'E:\Projects\AUV\DROPLAB\ros_ws\src\joystick_publisher': PYTHONPATH=E:\Projects\AUV\DROPLAB\ros_ws\build\joystick_publisher\prefix_override;E:\Projects\AUV\DROPLAB\ros_ws\install\Lib\site-packages;%PYTHONPATH% c:\python38\python.exe setup.py egg_info --egg-base ..\..\build\joystick_publisher build --build-base E:\Projects\AUV\DROPLAB\ros_ws\build\joystick_publisher\build install --record E:\Projects\AUV\DROPLAB\ros_ws\build\joystick_publisher\install.log --install-scripts $base/lib/joystick_publisher --single-version-externally-managed
[4.156s] running egg_info
[4.156s] creating ..\..\build\joystick_publisher\joystick_publisher.egg-info
[4.187s] writing ..\..\build\joystick_publisher\joystick_publisher.egg-info\PKG-INFO
[4.187s] writing dependency_links to ..\..\build\joystick_publisher\joystick_publisher.egg-info\dependency_links.txt
[4.187s] writing entry points to ..\..\build\joystick_publisher\joystick_publisher.egg-info\entry_points.txt
[4.187s] writing requirements to ..\..\build\joystick_publisher\joystick_publisher.egg-info\requires.txt
[4.187s] writing top-level names to ..\..\build\joystick_publisher\joystick_publisher.egg-info\top_level.txt
[4.187s] writing manifest file '..\..\build\joystick_publisher\joystick_publisher.egg-info\SOURCES.txt'
[4.265s] reading manifest file '..\..\build\joystick_publisher\joystick_publisher.egg-info\SOURCES.txt'
[4.265s] writing manifest file '..\..\build\joystick_publisher\joystick_publisher.egg-info\SOURCES.txt'
[4.265s] running build
[4.265s] running build_py
[4.265s] creating E:\Projects\AUV\DROPLAB\ros_ws\build\joystick_publisher\build
[4.265s] creating E:\Projects\AUV\DROPLAB\ros_ws\build\joystick_publisher\build\lib
[4.265s] creating E:\Projects\AUV\DROPLAB\ros_ws\build\joystick_publisher\build\lib\joystick_publisher
[4.265s] copying joystick_publisher\joystick_publisher_node.py -> E:\Projects\AUV\DROPLAB\ros_ws\build\joystick_publisher\build\lib\joystick_publisher
[4.265s] copying joystick_publisher\__init__.py -> E:\Projects\AUV\DROPLAB\ros_ws\build\joystick_publisher\build\lib\joystick_publisher
[4.265s] running install
[4.265s] running install_lib
[4.312s] creating E:\Projects\AUV\DROPLAB\ros_ws\install\Lib\site-packages\joystick_publisher
[4.312s] copying E:\Projects\AUV\DROPLAB\ros_ws\build\joystick_publisher\build\lib\joystick_publisher\joystick_publisher_node.py -> E:\Projects\AUV\DROPLAB\ros_ws\install\Lib\site-packages\joystick_publisher
[4.312s] copying E:\Projects\AUV\DROPLAB\ros_ws\build\joystick_publisher\build\lib\joystick_publisher\__init__.py -> E:\Projects\AUV\DROPLAB\ros_ws\install\Lib\site-packages\joystick_publisher
[4.312s] byte-compiling E:\Projects\AUV\DROPLAB\ros_ws\install\Lib\site-packages\joystick_publisher\joystick_publisher_node.py to joystick_publisher_node.cpython-38.pyc
[4.312s] byte-compiling E:\Projects\AUV\DROPLAB\ros_ws\install\Lib\site-packages\joystick_publisher\__init__.py to __init__.cpython-38.pyc
[4.312s] running install_data
[4.344s] copying resource\joystick_publisher -> E:\Projects\AUV\DROPLAB\ros_ws\install\share\ament_index\resource_index\packages
[4.359s] copying package.xml -> E:\Projects\AUV\DROPLAB\ros_ws\install\share\joystick_publisher
[4.359s] running install_egg_info
[4.390s] Copying ..\..\build\joystick_publisher\joystick_publisher.egg-info to E:\Projects\AUV\DROPLAB\ros_ws\install\Lib\site-packages\joystick_publisher-0.0.0-py3.8.egg-info
[4.406s] running install_scripts
[4.922s] Installing joystick_publisher_node-script.py script to E:\Projects\AUV\DROPLAB\ros_ws\install\lib\joystick_publisher
[5.031s] Installing joystick_publisher_node.exe script to E:\Projects\AUV\DROPLAB\ros_ws\install\lib\joystick_publisher
[5.031s] writing list of installed files to 'E:\Projects\AUV\DROPLAB\ros_ws\build\joystick_publisher\install.log'
[5.031s] c:\python38\lib\site-packages\setuptools\dist.py:755: SetuptoolsDeprecationWarning: Invalid dash-separated options
[5.031s] !!
[5.031s] 
[5.047s]         ********************************************************************************
[5.047s]         Usage of dash-separated 'script-dir' will not be supported in future
[5.047s]         versions. Please use the underscore name 'script_dir' instead.
[5.047s] 
[5.047s]         By 2023-Sep-26, you need to update your project and remove deprecated calls
[5.047s]         or your builds will no longer be supported.
[5.047s] 
[5.047s]         See https://setuptools.pypa.io/en/latest/userguide/declarative_config.html for details.
[5.047s]         ********************************************************************************
[5.047s] 
[5.047s] !!
[5.047s]   opt = self.warn_dash_deprecation(opt, section)
[5.047s] c:\python38\lib\site-packages\setuptools\_distutils\cmd.py:66: SetuptoolsDeprecationWarning: setup.py install is deprecated.
[5.047s] !!
[5.047s] 
[5.047s]         ********************************************************************************
[5.047s]         Please avoid running ``setup.py`` directly.
[5.047s]         Instead, use pypa/build, pypa/installer, pypa/build or
[5.047s]         other standards-based tools.
[5.047s] 
[5.047s]         See https://blog.ganssle.io/articles/2021/10/setup-py-deprecated.html for details.
[5.047s]         ********************************************************************************
[5.047s] 
[5.047s] !!
[5.047s]   self.initialize_options()
[5.094s] Invoked command in 'E:\Projects\AUV\DROPLAB\ros_ws\src\joystick_publisher' returned '0': PYTHONPATH=E:\Projects\AUV\DROPLAB\ros_ws\build\joystick_publisher\prefix_override;E:\Projects\AUV\DROPLAB\ros_ws\install\Lib\site-packages;%PYTHONPATH% c:\python38\python.exe setup.py egg_info --egg-base ..\..\build\joystick_publisher build --build-base E:\Projects\AUV\DROPLAB\ros_ws\build\joystick_publisher\build install --record E:\Projects\AUV\DROPLAB\ros_ws\build\joystick_publisher\install.log --install-scripts $base/lib/joystick_publisher --single-version-externally-managed
