[0.000000] (-) TimerEvent: {}
[0.000000] (cpp_pubsub) JobQueued: {'identifier': 'cpp_pubsub', 'dependencies': OrderedDict()}
[0.000000] (flir_subscriber) JobQueued: {'identifier': 'flir_subscriber', 'dependencies': OrderedDict()}
[0.000000] (joystick_publisher) JobQueued: {'identifier': 'joystick_publisher', 'dependencies': OrderedDict()}
[0.000000] (cpp_pubsub) JobStarted: {'identifier': 'cpp_pubsub'}
[0.125000] (-) TimerEvent: {}
[0.219000] (flir_subscriber) JobStarted: {'identifier': 'flir_subscriber'}
[0.250000] (-) TimerEvent: {}
[0.360000] (-) TimerEvent: {}
[0.438000] (joystick_publisher) JobStarted: {'identifier': 'joystick_publisher'}
[0.469000] (-) TimerEvent: {}
[0.579000] (-) TimerEvent: {}
[0.688000] (-) TimerEvent: {}
[0.907000] (cpp_pubsub) JobProgress: {'identifier': 'cpp_pubsub', 'progress': 'cmake'}
[0.907000] (-) TimerEvent: {}
[0.922000] (cpp_pubsub) Command: {'cmd': ['C:\\Program Files\\CMake\\bin\\cmake.EXE', 'E:\\Projects\\AUV\\DROPLAB\\ros_ws\\src\\cpp_pubsub', '-DCMAKE_INSTALL_PREFIX=E:\\Projects\\AUV\\DROPLAB\\ros_ws\\install\\cpp_pubsub'], 'cwd': 'E:\\Projects\\AUV\\DROPLAB\\ros_ws\\build\\cpp_pubsub', 'env': OrderedDict([('ADSK_3DSMAX_x64_2019', 'E:\\Program Files\\Autodesk\\3ds Max 2019\\'), ('ADSK_3DSMAX_x64_2020', 'E:\\Program Files\\Autodesk\\3ds Max 2020\\'), ('ALLUSERSPROFILE', 'C:\\ProgramData'), ('AMENT_PREFIX_PATH', 'E:\\dev\\ros2_foxy'), ('ANSYS222_DIR', 'E:\\Program Files\\ANSYS Inc\\ANSYS Student\\v222\\ANSYS'), ('APPDATA', 'C:\\Users\\LorentzPie\\AppData\\Roaming'), ('AWP_LOCALE222', 'en-us'), ('AWP_ROOT222', 'E:\\Program Files\\ANSYS Inc\\ANSYS Student\\v222'), ('CADOE_LIBDIR222', 'E:\\Program Files\\ANSYS Inc\\ANSYS Student\\v222\\CommonFiles\\Language\\en-us'), ('ChocolateyInstall', 'C:\\ProgramData\\chocolatey'), ('ChocolateyLastPathUpdate', '133292593384215774'), ('CLion', 'E:\\Program Files\\JetBrains\\CLion 2022.2.1\\bin;'), ('CMAKE_PREFIX_PATH', 'E:\\dev\\ros2_foxy'), ('COLCON', '1'), ('COLCON_PREFIX_PATH', 'E:\\dev\\ros2_foxy\\'), ('CommonProgramFiles', 'C:\\Program Files\\Common Files'), ('CommonProgramFiles(x86)', 'C:\\Program Files (x86)\\Common Files'), ('CommonProgramW6432', 'C:\\Program Files\\Common Files'), ('COMPUTERNAME', 'LAPTOP-P2S9LHVB'), ('ComSpec', 'C:\\WINDOWS\\system32\\cmd.exe'), ('CUDA_CACHE_MAXSIZE', '268435456'), ('DriverData', 'C:\\Windows\\System32\\Drivers\\DriverData'), ('EFC_20324', '1'), ('FPS_BROWSER_APP_PROFILE_STRING', 'Internet Explorer'), ('FPS_BROWSER_USER_PROFILE_STRING', 'Default'), ('GOPATH', 'C:\\Users\\LorentzPie\\go'), ('HOMEDRIVE', 'C:'), ('HOMEPATH', '\\Users\\LorentzPie'), ('INTEL_DEV_REDIST', 'C:\\Program Files (x86)\\Common Files\\Intel\\Shared Libraries\\'), ('LOCALAPPDATA', 'C:\\Users\\LorentzPie\\AppData\\Local'), ('LOGONSERVER', '\\\\LAPTOP-P2S9LHVB'), ('LSTC_LICENSE', 'Ansys'), ('MAYA_UI_LANGUAGE', 'en_US'), ('MIC_LD_LIBRARY_PATH', 'C:\\Program Files (x86)\\Common Files\\Intel\\Shared Libraries\\compiler\\lib\\mic'), ('NUMBER_OF_PROCESSORS', '16'), ('OneDrive', 'C:\\Users\\LorentzPie\\OneDrive'), ('OpenCV_DIR', 'E:\\Program Files\\opencv-3.4.6-vc16.VS2019\\opencv'), ('OPENSSL_CONF', 'C:\\Program Files\\OpenSSL-Win64\\bin\\openssl.cfg'), ('OS', 'Windows_NT'), ('Path', 'E:\\dev\\ros2_foxy\\opt\\yaml_cpp_vendor\\bin;E:\\dev\\ros2_foxy\\opt\\rviz_ogre_vendor\\bin;E:\\dev\\ros2_foxy\\opt\\rviz_assimp_vendor\\bin;E:\\dev\\ros2_foxy\\opt\\libcurl_vendor\\bin;E:\\dev\\ros2_foxy\\Scripts;E:\\dev\\ros2_foxy\\bin;C:\\Python38\\Scripts\\;C:\\Python38\\;C:\\Program Files (x86)\\NVIDIA Corporation\\PhysX\\Common;E:\\Program Files\\Python\\Python-3.9.6\\Scripts\\;E:\\Program Files\\Python\\Python-3.9.6\\;C:\\Program Files\\Common Files\\Oracle\\Java\\javapath;C:\\Program Files (x86)\\Common Files\\Intel\\Shared Libraries\\redist\\intel64\\compiler;C:\\Windows\\system32;C:\\Windows;C:\\Windows\\System32\\Wbem;C:\\Windows\\System32\\WindowsPowerShell\\v1.0\\;C:\\Windows\\System32\\OpenSSH\\;C:\\Program Files\\NVIDIA Corporation\\NVIDIA NvDLISR;C:\\Program Files (x86)\\Windows Kits\\8.1\\Windows Performance Toolkit\\;C:\\Program Files\\dotnet\\;C:\\Program Files\\Common Files\\Autodesk Shared\\;C:\\Program Files\\Wolfram Research\\WolframScript\\;C:\\WINDOWS\\system32;C:\\WINDOWS;C:\\WINDOWS\\System32\\Wbem;C:\\WINDOWS\\System32\\WindowsPowerShell\\v1.0\\;C:\\WINDOWS\\System32\\OpenSSH\\;E:\\Program Files\\PuTTY\\;E:\\Program Files\\Go\\bin;C:\\Users\\LorentzPie;C:\\Program Files\\MySQL\\MySQL Server 8.0\\bin;E:\\Program Files\\Git\\cmd;E:\\MinGW\\bin;E:\\Program Files\\MATLAB\\R2022a\\bin;C:\\Program Files (x86)\\STMicroelectronics\\STM32 ST-LINK Utility\\ST-LINK Utility;C:\\Program Files\\Microsoft SQL Server\\Client SDK\\ODBC\\110\\Tools\\Binn\\;C:\\Program Files (x86)\\Microsoft SQL Server\\120\\Tools\\Binn\\;C:\\Program Files\\Microsoft SQL Server\\120\\Tools\\Binn\\;C:\\Program Files\\Microsoft SQL Server\\120\\DTS\\Binn\\;C:\\Program Files (x86)\\Windows Kits\\10\\Windows Performance Toolkit\\;C:\\ProgramData\\chocolatey\\bin;E:\\Program Files\\OpenSSL-Win64\\bin;E:\\Program Files\\opencv-3.4.6-vc16.VS2019\\opencv\\x64\\vc16\\bin;C:\\Program Files\\CMake\\bin;C:\\ProgramData\\chocolatey\\lib\\cunit\\lib;C:\\ProgramData\\chocolatey\\lib\\tinyxml2\\lib;C:\\ProgramData\\chocolatey\\lib\\log4cxx\\lib;C:\\ProgramData\\chocolatey\\lib\\bullet\\lib;C:\\Program Files\\Graphviz\\bin;;C:\\Program Files\\Docker\\Docker\\resources\\bin;E:\\Projects\\cmusyllabi;E:\\anaconda3;E:\\anaconda3\\Library\\mingw-w64\\bin;E:\\anaconda3\\Library\\usr\\bin;E:\\anaconda3\\Library\\bin;E:\\anaconda3\\Scripts;E:\\anaconda3\\bin;E:\\anaconda3\\condabin;E:\\Program Files (x86)\\VMware\\VMware Workstation\\bin;C:\\Program Files\\Common Files\\Oracle\\Java\\javapath;C:\\Program Files (x86)\\Common Files\\Intel\\Shared Libraries\\redist\\intel64\\compiler;C:\\Windows\\system32;C:\\Windows;C:\\Windows\\System32\\Wbem;C:\\Windows\\System32\\WindowsPowerShell\\v1.0;C:\\Windows\\System32\\OpenSSH;C:\\Program Files (x86)\\NVIDIA Corporation\\PhysX\\Common;C:\\Program Files\\NVIDIA Corporation\\NVIDIA NvDLISR;C:\\Program Files\\Microsoft SQL Server\\120\\Tools\\Binn;E:\\Program Files\\MATLAB\\R2021a\\runtime\\win64;E:\\Program Files\\MATLAB\\R2021a\\bin;C:\\Program Files\\Microsoft SQL Server\\Client SDK\\ODBC\\110\\Tools\\Binn;C:\\Program Files (x86)\\Microsoft SQL Server\\120\\Tools\\Binn;C:\\Program Files\\Microsoft SQL Server\\120\\DTS\\Binn;C:\\Program Files (x86)\\Windows Kits\\8.1\\Windows Performance Toolkit;C:\\Program Files\\dotnet;C:\\Program File;E:\\Program Files\\Microsoft VS Code\\bin;C:\\Users\\LorentzPie\\.ebcli-virtual-env\\executables;E:\\Program Files\\JetBrains\\CLion 2022.2.1\\bin;;C:\\Program Files\\Mozilla Firefox\\Driver;C:\\Program Files\\Google\\Chrome\\Application;E:\\intelFPGA_lite\\18.1\\modelsim_ase\\win32aloem;E:\\Program Files\\texlive\\2023\\bin\\windows;C:\\Users\\LorentzPie\\AppData\\Local\\Microsoft\\WindowsApps;C:\\Program Files\\Graphviz\\bin;'), ('PATHEXT', '.COM;.EXE;.BAT;.CMD;.VBS;.VBE;.JS;.JSE;.WSF;.WSH;.MSC;.PY;.PYW'), ('PKG_CONFIG_PATH', 'E:\\dev\\ros2_foxy\\lib\\pkgconfig'), ('PROCESSOR_ARCHITECTURE', 'AMD64'), ('PROCESSOR_IDENTIFIER', 'AMD64 Family 25 Model 80 Stepping 0, AuthenticAMD'), ('PROCESSOR_LEVEL', '25'), ('PROCESSOR_REVISION', '5000'), ('ProgramData', 'C:\\ProgramData'), ('ProgramFiles', 'C:\\Program Files'), ('ProgramFiles(x86)', 'C:\\Program Files (x86)'), ('ProgramW6432', 'C:\\Program Files'), ('PROMPT', '$P$G'), ('PSModulePath', 'C:\\Program Files\\WindowsPowerShell\\Modules;C:\\WINDOWS\\system32\\WindowsPowerShell\\v1.0\\Modules;C:\\Program Files (x86)\\Microsoft SQL Server\\120\\Tools\\PowerShell\\Modules\\'), ('PUBLIC', 'C:\\Users\\Public'), ('PYTHONPATH', 'E:\\dev\\ros2_foxy\\Lib\\site-packages'), ('P_SCHEMA', 'E:\\Program Files\\ANSYS Inc\\ANSYS Student\\v222\\AISOL\\CADIntegration\\Parasolid\\PSchema'), ('QSYS_ROOTDIR', 'E:\\intelFPGA_lite\\18.1\\quartus\\sopc_builder\\bin'), ('QUARTUS_ROOTDIR', 'E:\\intelFPGA_lite\\18.1\\quartus'), ('ROS_DISTRO', 'foxy'), ('ROS_LOCALHOST_ONLY', '0'), ('ROS_PYTHON_VERSION', '3'), ('ROS_VERSION', '2'), ('SESSIONNAME', 'Console'), ('SOLIDWORKS_SHARED', 'C:\\Program Files\\Common Files\\SOLIDWORKS Shared\\2021'), ('SOPC_KIT_NIOS2', 'E:\\intelFPGA_lite\\18.1\\nios2eds'), ('SW_SIM_HYDRA', 'C:\\Program Files\\Common Files\\SolidWorks Shared\\Simulation Worker Agent\\'), ('SW_SIM_MPIT', 'INTELMPI'), ('SW_SIM_TEMP', 'C:\\ProgramData\\SOLIDWORKS\\SW_net_sim_temp\\'), ('SystemDrive', 'C:'), ('SystemRoot', 'C:\\WINDOWS'), ('TEMP', 'C:\\Users\\LORENT~1\\AppData\\Local\\Temp'), ('TMP', 'C:\\Users\\LORENT~1\\AppData\\Local\\Temp'), ('USERDOMAIN', 'LAPTOP-P2S9LHVB'), ('USERDOMAIN_ROAMINGPROFILE', 'LAPTOP-P2S9LHVB'), ('USERNAME', 'ElectroBrandy'), ('USERPROFILE', 'C:\\Users\\LorentzPie'), ('VRAY_SEND_FEEDBACK', '0'), ('windir', 'C:\\WINDOWS')]), 'shell': False}
[1.016000] (-) TimerEvent: {}
[1.141000] (-) TimerEvent: {}
[1.250000] (-) TimerEvent: {}
[1.360000] (-) TimerEvent: {}
[1.469000] (-) TimerEvent: {}
[1.594000] (-) TimerEvent: {}
[1.704000] (-) TimerEvent: {}
[1.813000] (-) TimerEvent: {}
[1.922000] (-) TimerEvent: {}
[2.032000] (-) TimerEvent: {}
[2.141000] (-) TimerEvent: {}
[2.250000] (-) TimerEvent: {}
[2.469000] (-) TimerEvent: {}
[2.579000] (-) TimerEvent: {}
[2.688000] (-) TimerEvent: {}
[2.797000] (-) TimerEvent: {}
[2.907000] (-) TimerEvent: {}
[3.016000] (-) TimerEvent: {}
[3.125000] (-) TimerEvent: {}
[3.157000] (cpp_pubsub) StdoutLine: {'line': b'-- Selecting Windows SDK version 10.0.22000.0 to target Windows 10.0.22621.\n'}
[3.235000] (-) TimerEvent: {}
[3.250000] (cpp_pubsub) StdoutLine: {'line': b'-- Found ament_cmake: 0.9.11 (E:/dev/ros2_foxy/share/ament_cmake/cmake)\n'}
[3.344000] (cpp_pubsub) StdoutLine: {'line': b'-- Using PYTHON_EXECUTABLE: C:/Python38/python.exe\n'}
[3.344000] (-) TimerEvent: {}
[3.454000] (-) TimerEvent: {}
[3.563000] (-) TimerEvent: {}
[3.672000] (-) TimerEvent: {}
[3.782000] (-) TimerEvent: {}
[3.891000] (-) TimerEvent: {}
[4.000000] (-) TimerEvent: {}
[4.110000] (cpp_pubsub) StdoutLine: {'line': b'-- Found rclcpp: 2.4.2 (E:/dev/ros2_foxy/share/rclcpp/cmake)\n'}
[4.110000] (-) TimerEvent: {}
[4.219000] (cpp_pubsub) StdoutLine: {'line': b'-- Using all available rosidl_typesupport_c: rosidl_typesupport_connext_c;rosidl_typesupport_fastrtps_c;rosidl_typesupport_introspection_c\n'}
[4.219000] (-) TimerEvent: {}
[4.235000] (cpp_pubsub) StdoutLine: {'line': b'-- Found rosidl_adapter: 1.3.0 (E:/dev/ros2_foxy/share/rosidl_adapter/cmake)\n'}
[4.329000] (-) TimerEvent: {}
[4.438000] (-) TimerEvent: {}
[4.469000] (flir_subscriber) Command: {'cmd': ['c:\\python38\\python.exe', 'setup.py', 'egg_info', '--egg-base', '..\\..\\build\\flir_subscriber', 'build', '--build-base', 'E:\\Projects\\AUV\\DROPLAB\\ros_ws\\build\\flir_subscriber\\build', 'install', '--record', 'E:\\Projects\\AUV\\DROPLAB\\ros_ws\\build\\flir_subscriber\\install.log', '--install-scripts', '$base/lib/flir_subscriber', '--single-version-externally-managed'], 'cwd': 'E:\\Projects\\AUV\\DROPLAB\\ros_ws\\src\\flir_subscriber', 'env': {'ADSK_3DSMAX_x64_2019': 'E:\\Program Files\\Autodesk\\3ds Max 2019\\', 'ADSK_3DSMAX_x64_2020': 'E:\\Program Files\\Autodesk\\3ds Max 2020\\', 'ALLUSERSPROFILE': 'C:\\ProgramData', 'AMENT_PREFIX_PATH': 'E:\\dev\\ros2_foxy', 'ANSYS222_DIR': 'E:\\Program Files\\ANSYS Inc\\ANSYS Student\\v222\\ANSYS', 'APPDATA': 'C:\\Users\\LorentzPie\\AppData\\Roaming', 'AWP_LOCALE222': 'en-us', 'AWP_ROOT222': 'E:\\Program Files\\ANSYS Inc\\ANSYS Student\\v222', 'CADOE_LIBDIR222': 'E:\\Program Files\\ANSYS Inc\\ANSYS Student\\v222\\CommonFiles\\Language\\en-us', 'ChocolateyInstall': 'C:\\ProgramData\\chocolatey', 'ChocolateyLastPathUpdate': '133292593384215774', 'CLion': 'E:\\Program Files\\JetBrains\\CLion 2022.2.1\\bin;', 'CMAKE_PREFIX_PATH': 'E:\\dev\\ros2_foxy', 'COLCON': '1', 'COLCON_PREFIX_PATH': 'E:\\dev\\ros2_foxy\\', 'CommonProgramFiles': 'C:\\Program Files\\Common Files', 'CommonProgramFiles(x86)': 'C:\\Program Files (x86)\\Common Files', 'CommonProgramW6432': 'C:\\Program Files\\Common Files', 'COMPUTERNAME': 'LAPTOP-P2S9LHVB', 'ComSpec': 'C:\\WINDOWS\\system32\\cmd.exe', 'CUDA_CACHE_MAXSIZE': '268435456', 'DriverData': 'C:\\Windows\\System32\\Drivers\\DriverData', 'EFC_20324': '1', 'FPS_BROWSER_APP_PROFILE_STRING': 'Internet Explorer', 'FPS_BROWSER_USER_PROFILE_STRING': 'Default', 'GOPATH': 'C:\\Users\\LorentzPie\\go', 'HOMEDRIVE': 'C:', 'HOMEPATH': '\\Users\\LorentzPie', 'INTEL_DEV_REDIST': 'C:\\Program Files (x86)\\Common Files\\Intel\\Shared Libraries\\', 'LOCALAPPDATA': 'C:\\Users\\LorentzPie\\AppData\\Local', 'LOGONSERVER': '\\\\LAPTOP-P2S9LHVB', 'LSTC_LICENSE': 'Ansys', 'MAYA_UI_LANGUAGE': 'en_US', 'MIC_LD_LIBRARY_PATH': 'C:\\Program Files (x86)\\Common Files\\Intel\\Shared Libraries\\compiler\\lib\\mic', 'NUMBER_OF_PROCESSORS': '16', 'OneDrive': 'C:\\Users\\LorentzPie\\OneDrive', 'OpenCV_DIR': 'E:\\Program Files\\opencv-3.4.6-vc16.VS2019\\opencv', 'OPENSSL_CONF': 'C:\\Program Files\\OpenSSL-Win64\\bin\\openssl.cfg', 'OS': 'Windows_NT', 'Path': 'E:\\dev\\ros2_foxy\\opt\\yaml_cpp_vendor\\bin;E:\\dev\\ros2_foxy\\opt\\rviz_ogre_vendor\\bin;E:\\dev\\ros2_foxy\\opt\\rviz_assimp_vendor\\bin;E:\\dev\\ros2_foxy\\opt\\libcurl_vendor\\bin;E:\\dev\\ros2_foxy\\Scripts;E:\\dev\\ros2_foxy\\bin;C:\\Python38\\Scripts\\;C:\\Python38\\;C:\\Program Files (x86)\\NVIDIA Corporation\\PhysX\\Common;E:\\Program Files\\Python\\Python-3.9.6\\Scripts\\;E:\\Program Files\\Python\\Python-3.9.6\\;C:\\Program Files\\Common Files\\Oracle\\Java\\javapath;C:\\Program Files (x86)\\Common Files\\Intel\\Shared Libraries\\redist\\intel64\\compiler;C:\\Windows\\system32;C:\\Windows;C:\\Windows\\System32\\Wbem;C:\\Windows\\System32\\WindowsPowerShell\\v1.0\\;C:\\Windows\\System32\\OpenSSH\\;C:\\Program Files\\NVIDIA Corporation\\NVIDIA NvDLISR;C:\\Program Files (x86)\\Windows Kits\\8.1\\Windows Performance Toolkit\\;C:\\Program Files\\dotnet\\;C:\\Program Files\\Common Files\\Autodesk Shared\\;C:\\Program Files\\Wolfram Research\\WolframScript\\;C:\\WINDOWS\\system32;C:\\WINDOWS;C:\\WINDOWS\\System32\\Wbem;C:\\WINDOWS\\System32\\WindowsPowerShell\\v1.0\\;C:\\WINDOWS\\System32\\OpenSSH\\;E:\\Program Files\\PuTTY\\;E:\\Program Files\\Go\\bin;C:\\Users\\LorentzPie;C:\\Program Files\\MySQL\\MySQL Server 8.0\\bin;E:\\Program Files\\Git\\cmd;E:\\MinGW\\bin;E:\\Program Files\\MATLAB\\R2022a\\bin;C:\\Program Files (x86)\\STMicroelectronics\\STM32 ST-LINK Utility\\ST-LINK Utility;C:\\Program Files\\Microsoft SQL Server\\Client SDK\\ODBC\\110\\Tools\\Binn\\;C:\\Program Files (x86)\\Microsoft SQL Server\\120\\Tools\\Binn\\;C:\\Program Files\\Microsoft SQL Server\\120\\Tools\\Binn\\;C:\\Program Files\\Microsoft SQL Server\\120\\DTS\\Binn\\;C:\\Program Files (x86)\\Windows Kits\\10\\Windows Performance Toolkit\\;C:\\ProgramData\\chocolatey\\bin;E:\\Program Files\\OpenSSL-Win64\\bin;E:\\Program Files\\opencv-3.4.6-vc16.VS2019\\opencv\\x64\\vc16\\bin;C:\\Program Files\\CMake\\bin;C:\\ProgramData\\chocolatey\\lib\\cunit\\lib;C:\\ProgramData\\chocolatey\\lib\\tinyxml2\\lib;C:\\ProgramData\\chocolatey\\lib\\log4cxx\\lib;C:\\ProgramData\\chocolatey\\lib\\bullet\\lib;C:\\Program Files\\Graphviz\\bin;;C:\\Program Files\\Docker\\Docker\\resources\\bin;E:\\Projects\\cmusyllabi;E:\\anaconda3;E:\\anaconda3\\Library\\mingw-w64\\bin;E:\\anaconda3\\Library\\usr\\bin;E:\\anaconda3\\Library\\bin;E:\\anaconda3\\Scripts;E:\\anaconda3\\bin;E:\\anaconda3\\condabin;E:\\Program Files (x86)\\VMware\\VMware Workstation\\bin;C:\\Program Files\\Common Files\\Oracle\\Java\\javapath;C:\\Program Files (x86)\\Common Files\\Intel\\Shared Libraries\\redist\\intel64\\compiler;C:\\Windows\\system32;C:\\Windows;C:\\Windows\\System32\\Wbem;C:\\Windows\\System32\\WindowsPowerShell\\v1.0;C:\\Windows\\System32\\OpenSSH;C:\\Program Files (x86)\\NVIDIA Corporation\\PhysX\\Common;C:\\Program Files\\NVIDIA Corporation\\NVIDIA NvDLISR;C:\\Program Files\\Microsoft SQL Server\\120\\Tools\\Binn;E:\\Program Files\\MATLAB\\R2021a\\runtime\\win64;E:\\Program Files\\MATLAB\\R2021a\\bin;C:\\Program Files\\Microsoft SQL Server\\Client SDK\\ODBC\\110\\Tools\\Binn;C:\\Program Files (x86)\\Microsoft SQL Server\\120\\Tools\\Binn;C:\\Program Files\\Microsoft SQL Server\\120\\DTS\\Binn;C:\\Program Files (x86)\\Windows Kits\\8.1\\Windows Performance Toolkit;C:\\Program Files\\dotnet;C:\\Program File;E:\\Program Files\\Microsoft VS Code\\bin;C:\\Users\\LorentzPie\\.ebcli-virtual-env\\executables;E:\\Program Files\\JetBrains\\CLion 2022.2.1\\bin;;C:\\Program Files\\Mozilla Firefox\\Driver;C:\\Program Files\\Google\\Chrome\\Application;E:\\intelFPGA_lite\\18.1\\modelsim_ase\\win32aloem;E:\\Program Files\\texlive\\2023\\bin\\windows;C:\\Users\\LorentzPie\\AppData\\Local\\Microsoft\\WindowsApps;C:\\Program Files\\Graphviz\\bin;', 'PATHEXT': '.COM;.EXE;.BAT;.CMD;.VBS;.VBE;.JS;.JSE;.WSF;.WSH;.MSC;.PY;.PYW', 'PKG_CONFIG_PATH': 'E:\\dev\\ros2_foxy\\lib\\pkgconfig', 'PROCESSOR_ARCHITECTURE': 'AMD64', 'PROCESSOR_IDENTIFIER': 'AMD64 Family 25 Model 80 Stepping 0, AuthenticAMD', 'PROCESSOR_LEVEL': '25', 'PROCESSOR_REVISION': '5000', 'ProgramData': 'C:\\ProgramData', 'ProgramFiles': 'C:\\Program Files', 'ProgramFiles(x86)': 'C:\\Program Files (x86)', 'ProgramW6432': 'C:\\Program Files', 'PROMPT': '$P$G', 'PSModulePath': 'C:\\Program Files\\WindowsPowerShell\\Modules;C:\\WINDOWS\\system32\\WindowsPowerShell\\v1.0\\Modules;C:\\Program Files (x86)\\Microsoft SQL Server\\120\\Tools\\PowerShell\\Modules\\', 'PUBLIC': 'C:\\Users\\Public', 'PYTHONPATH': 'E:\\Projects\\AUV\\DROPLAB\\ros_ws\\build\\flir_subscriber\\prefix_override;E:\\Projects\\AUV\\DROPLAB\\ros_ws\\install\\flir_subscriber\\Lib\\site-packages;E:\\dev\\ros2_foxy\\Lib\\site-packages', 'P_SCHEMA': 'E:\\Program Files\\ANSYS Inc\\ANSYS Student\\v222\\AISOL\\CADIntegration\\Parasolid\\PSchema', 'QSYS_ROOTDIR': 'E:\\intelFPGA_lite\\18.1\\quartus\\sopc_builder\\bin', 'QUARTUS_ROOTDIR': 'E:\\intelFPGA_lite\\18.1\\quartus', 'ROS_DISTRO': 'foxy', 'ROS_LOCALHOST_ONLY': '0', 'ROS_PYTHON_VERSION': '3', 'ROS_VERSION': '2', 'SESSIONNAME': 'Console', 'SOLIDWORKS_SHARED': 'C:\\Program Files\\Common Files\\SOLIDWORKS Shared\\2021', 'SOPC_KIT_NIOS2': 'E:\\intelFPGA_lite\\18.1\\nios2eds', 'SW_SIM_HYDRA': 'C:\\Program Files\\Common Files\\SolidWorks Shared\\Simulation Worker Agent\\', 'SW_SIM_MPIT': 'INTELMPI', 'SW_SIM_TEMP': 'C:\\ProgramData\\SOLIDWORKS\\SW_net_sim_temp\\', 'SystemDrive': 'C:', 'SystemRoot': 'C:\\WINDOWS', 'TEMP': 'C:\\Users\\LORENT~1\\AppData\\Local\\Temp', 'TMP': 'C:\\Users\\LORENT~1\\AppData\\Local\\Temp', 'USERDOMAIN': 'LAPTOP-P2S9LHVB', 'USERDOMAIN_ROAMINGPROFILE': 'LAPTOP-P2S9LHVB', 'USERNAME': 'ElectroBrandy', 'USERPROFILE': 'C:\\Users\\LorentzPie', 'VRAY_SEND_FEEDBACK': '0', 'windir': 'C:\\WINDOWS'}, 'shell': False}
[4.485000] (joystick_publisher) Command: {'cmd': ['c:\\python38\\python.exe', 'setup.py', 'egg_info', '--egg-base', '..\\..\\build\\joystick_publisher', 'build', '--build-base', 'E:\\Projects\\AUV\\DROPLAB\\ros_ws\\build\\joystick_publisher\\build', 'install', '--record', 'E:\\Projects\\AUV\\DROPLAB\\ros_ws\\build\\joystick_publisher\\install.log', '--install-scripts', '$base/lib/joystick_publisher', '--single-version-externally-managed'], 'cwd': 'E:\\Projects\\AUV\\DROPLAB\\ros_ws\\src\\joystick_publisher', 'env': {'ADSK_3DSMAX_x64_2019': 'E:\\Program Files\\Autodesk\\3ds Max 2019\\', 'ADSK_3DSMAX_x64_2020': 'E:\\Program Files\\Autodesk\\3ds Max 2020\\', 'ALLUSERSPROFILE': 'C:\\ProgramData', 'AMENT_PREFIX_PATH': 'E:\\dev\\ros2_foxy', 'ANSYS222_DIR': 'E:\\Program Files\\ANSYS Inc\\ANSYS Student\\v222\\ANSYS', 'APPDATA': 'C:\\Users\\LorentzPie\\AppData\\Roaming', 'AWP_LOCALE222': 'en-us', 'AWP_ROOT222': 'E:\\Program Files\\ANSYS Inc\\ANSYS Student\\v222', 'CADOE_LIBDIR222': 'E:\\Program Files\\ANSYS Inc\\ANSYS Student\\v222\\CommonFiles\\Language\\en-us', 'ChocolateyInstall': 'C:\\ProgramData\\chocolatey', 'ChocolateyLastPathUpdate': '133292593384215774', 'CLion': 'E:\\Program Files\\JetBrains\\CLion 2022.2.1\\bin;', 'CMAKE_PREFIX_PATH': 'E:\\dev\\ros2_foxy', 'COLCON': '1', 'COLCON_PREFIX_PATH': 'E:\\dev\\ros2_foxy\\', 'CommonProgramFiles': 'C:\\Program Files\\Common Files', 'CommonProgramFiles(x86)': 'C:\\Program Files (x86)\\Common Files', 'CommonProgramW6432': 'C:\\Program Files\\Common Files', 'COMPUTERNAME': 'LAPTOP-P2S9LHVB', 'ComSpec': 'C:\\WINDOWS\\system32\\cmd.exe', 'CUDA_CACHE_MAXSIZE': '268435456', 'DriverData': 'C:\\Windows\\System32\\Drivers\\DriverData', 'EFC_20324': '1', 'FPS_BROWSER_APP_PROFILE_STRING': 'Internet Explorer', 'FPS_BROWSER_USER_PROFILE_STRING': 'Default', 'GOPATH': 'C:\\Users\\LorentzPie\\go', 'HOMEDRIVE': 'C:', 'HOMEPATH': '\\Users\\LorentzPie', 'INTEL_DEV_REDIST': 'C:\\Program Files (x86)\\Common Files\\Intel\\Shared Libraries\\', 'LOCALAPPDATA': 'C:\\Users\\LorentzPie\\AppData\\Local', 'LOGONSERVER': '\\\\LAPTOP-P2S9LHVB', 'LSTC_LICENSE': 'Ansys', 'MAYA_UI_LANGUAGE': 'en_US', 'MIC_LD_LIBRARY_PATH': 'C:\\Program Files (x86)\\Common Files\\Intel\\Shared Libraries\\compiler\\lib\\mic', 'NUMBER_OF_PROCESSORS': '16', 'OneDrive': 'C:\\Users\\LorentzPie\\OneDrive', 'OpenCV_DIR': 'E:\\Program Files\\opencv-3.4.6-vc16.VS2019\\opencv', 'OPENSSL_CONF': 'C:\\Program Files\\OpenSSL-Win64\\bin\\openssl.cfg', 'OS': 'Windows_NT', 'Path': 'E:\\dev\\ros2_foxy\\opt\\yaml_cpp_vendor\\bin;E:\\dev\\ros2_foxy\\opt\\rviz_ogre_vendor\\bin;E:\\dev\\ros2_foxy\\opt\\rviz_assimp_vendor\\bin;E:\\dev\\ros2_foxy\\opt\\libcurl_vendor\\bin;E:\\dev\\ros2_foxy\\Scripts;E:\\dev\\ros2_foxy\\bin;C:\\Python38\\Scripts\\;C:\\Python38\\;C:\\Program Files (x86)\\NVIDIA Corporation\\PhysX\\Common;E:\\Program Files\\Python\\Python-3.9.6\\Scripts\\;E:\\Program Files\\Python\\Python-3.9.6\\;C:\\Program Files\\Common Files\\Oracle\\Java\\javapath;C:\\Program Files (x86)\\Common Files\\Intel\\Shared Libraries\\redist\\intel64\\compiler;C:\\Windows\\system32;C:\\Windows;C:\\Windows\\System32\\Wbem;C:\\Windows\\System32\\WindowsPowerShell\\v1.0\\;C:\\Windows\\System32\\OpenSSH\\;C:\\Program Files\\NVIDIA Corporation\\NVIDIA NvDLISR;C:\\Program Files (x86)\\Windows Kits\\8.1\\Windows Performance Toolkit\\;C:\\Program Files\\dotnet\\;C:\\Program Files\\Common Files\\Autodesk Shared\\;C:\\Program Files\\Wolfram Research\\WolframScript\\;C:\\WINDOWS\\system32;C:\\WINDOWS;C:\\WINDOWS\\System32\\Wbem;C:\\WINDOWS\\System32\\WindowsPowerShell\\v1.0\\;C:\\WINDOWS\\System32\\OpenSSH\\;E:\\Program Files\\PuTTY\\;E:\\Program Files\\Go\\bin;C:\\Users\\LorentzPie;C:\\Program Files\\MySQL\\MySQL Server 8.0\\bin;E:\\Program Files\\Git\\cmd;E:\\MinGW\\bin;E:\\Program Files\\MATLAB\\R2022a\\bin;C:\\Program Files (x86)\\STMicroelectronics\\STM32 ST-LINK Utility\\ST-LINK Utility;C:\\Program Files\\Microsoft SQL Server\\Client SDK\\ODBC\\110\\Tools\\Binn\\;C:\\Program Files (x86)\\Microsoft SQL Server\\120\\Tools\\Binn\\;C:\\Program Files\\Microsoft SQL Server\\120\\Tools\\Binn\\;C:\\Program Files\\Microsoft SQL Server\\120\\DTS\\Binn\\;C:\\Program Files (x86)\\Windows Kits\\10\\Windows Performance Toolkit\\;C:\\ProgramData\\chocolatey\\bin;E:\\Program Files\\OpenSSL-Win64\\bin;E:\\Program Files\\opencv-3.4.6-vc16.VS2019\\opencv\\x64\\vc16\\bin;C:\\Program Files\\CMake\\bin;C:\\ProgramData\\chocolatey\\lib\\cunit\\lib;C:\\ProgramData\\chocolatey\\lib\\tinyxml2\\lib;C:\\ProgramData\\chocolatey\\lib\\log4cxx\\lib;C:\\ProgramData\\chocolatey\\lib\\bullet\\lib;C:\\Program Files\\Graphviz\\bin;;C:\\Program Files\\Docker\\Docker\\resources\\bin;E:\\Projects\\cmusyllabi;E:\\anaconda3;E:\\anaconda3\\Library\\mingw-w64\\bin;E:\\anaconda3\\Library\\usr\\bin;E:\\anaconda3\\Library\\bin;E:\\anaconda3\\Scripts;E:\\anaconda3\\bin;E:\\anaconda3\\condabin;E:\\Program Files (x86)\\VMware\\VMware Workstation\\bin;C:\\Program Files\\Common Files\\Oracle\\Java\\javapath;C:\\Program Files (x86)\\Common Files\\Intel\\Shared Libraries\\redist\\intel64\\compiler;C:\\Windows\\system32;C:\\Windows;C:\\Windows\\System32\\Wbem;C:\\Windows\\System32\\WindowsPowerShell\\v1.0;C:\\Windows\\System32\\OpenSSH;C:\\Program Files (x86)\\NVIDIA Corporation\\PhysX\\Common;C:\\Program Files\\NVIDIA Corporation\\NVIDIA NvDLISR;C:\\Program Files\\Microsoft SQL Server\\120\\Tools\\Binn;E:\\Program Files\\MATLAB\\R2021a\\runtime\\win64;E:\\Program Files\\MATLAB\\R2021a\\bin;C:\\Program Files\\Microsoft SQL Server\\Client SDK\\ODBC\\110\\Tools\\Binn;C:\\Program Files (x86)\\Microsoft SQL Server\\120\\Tools\\Binn;C:\\Program Files\\Microsoft SQL Server\\120\\DTS\\Binn;C:\\Program Files (x86)\\Windows Kits\\8.1\\Windows Performance Toolkit;C:\\Program Files\\dotnet;C:\\Program File;E:\\Program Files\\Microsoft VS Code\\bin;C:\\Users\\LorentzPie\\.ebcli-virtual-env\\executables;E:\\Program Files\\JetBrains\\CLion 2022.2.1\\bin;;C:\\Program Files\\Mozilla Firefox\\Driver;C:\\Program Files\\Google\\Chrome\\Application;E:\\intelFPGA_lite\\18.1\\modelsim_ase\\win32aloem;E:\\Program Files\\texlive\\2023\\bin\\windows;C:\\Users\\LorentzPie\\AppData\\Local\\Microsoft\\WindowsApps;C:\\Program Files\\Graphviz\\bin;', 'PATHEXT': '.COM;.EXE;.BAT;.CMD;.VBS;.VBE;.JS;.JSE;.WSF;.WSH;.MSC;.PY;.PYW', 'PKG_CONFIG_PATH': 'E:\\dev\\ros2_foxy\\lib\\pkgconfig', 'PROCESSOR_ARCHITECTURE': 'AMD64', 'PROCESSOR_IDENTIFIER': 'AMD64 Family 25 Model 80 Stepping 0, AuthenticAMD', 'PROCESSOR_LEVEL': '25', 'PROCESSOR_REVISION': '5000', 'ProgramData': 'C:\\ProgramData', 'ProgramFiles': 'C:\\Program Files', 'ProgramFiles(x86)': 'C:\\Program Files (x86)', 'ProgramW6432': 'C:\\Program Files', 'PROMPT': '$P$G', 'PSModulePath': 'C:\\Program Files\\WindowsPowerShell\\Modules;C:\\WINDOWS\\system32\\WindowsPowerShell\\v1.0\\Modules;C:\\Program Files (x86)\\Microsoft SQL Server\\120\\Tools\\PowerShell\\Modules\\', 'PUBLIC': 'C:\\Users\\Public', 'PYTHONPATH': 'E:\\Projects\\AUV\\DROPLAB\\ros_ws\\build\\joystick_publisher\\prefix_override;E:\\Projects\\AUV\\DROPLAB\\ros_ws\\install\\joystick_publisher\\Lib\\site-packages;E:\\dev\\ros2_foxy\\Lib\\site-packages', 'P_SCHEMA': 'E:\\Program Files\\ANSYS Inc\\ANSYS Student\\v222\\AISOL\\CADIntegration\\Parasolid\\PSchema', 'QSYS_ROOTDIR': 'E:\\intelFPGA_lite\\18.1\\quartus\\sopc_builder\\bin', 'QUARTUS_ROOTDIR': 'E:\\intelFPGA_lite\\18.1\\quartus', 'ROS_DISTRO': 'foxy', 'ROS_LOCALHOST_ONLY': '0', 'ROS_PYTHON_VERSION': '3', 'ROS_VERSION': '2', 'SESSIONNAME': 'Console', 'SOLIDWORKS_SHARED': 'C:\\Program Files\\Common Files\\SOLIDWORKS Shared\\2021', 'SOPC_KIT_NIOS2': 'E:\\intelFPGA_lite\\18.1\\nios2eds', 'SW_SIM_HYDRA': 'C:\\Program Files\\Common Files\\SolidWorks Shared\\Simulation Worker Agent\\', 'SW_SIM_MPIT': 'INTELMPI', 'SW_SIM_TEMP': 'C:\\ProgramData\\SOLIDWORKS\\SW_net_sim_temp\\', 'SystemDrive': 'C:', 'SystemRoot': 'C:\\WINDOWS', 'TEMP': 'C:\\Users\\LORENT~1\\AppData\\Local\\Temp', 'TMP': 'C:\\Users\\LORENT~1\\AppData\\Local\\Temp', 'USERDOMAIN': 'LAPTOP-P2S9LHVB', 'USERDOMAIN_ROAMINGPROFILE': 'LAPTOP-P2S9LHVB', 'USERNAME': 'ElectroBrandy', 'USERPROFILE': 'C:\\Users\\LorentzPie', 'VRAY_SEND_FEEDBACK': '0', 'windir': 'C:\\WINDOWS'}, 'shell': False}
[4.547000] (-) TimerEvent: {}
[4.672000] (-) TimerEvent: {}
[4.735000] (cpp_pubsub) StdoutLine: {'line': b'-- Could not find RTI Connext - skipping rosidl_typesupport_connext_c\n'}
[4.782000] (-) TimerEvent: {}
[4.891000] (-) TimerEvent: {}
[5.000000] (-) TimerEvent: {}
[5.000000] (cpp_pubsub) StdoutLine: {'line': b'-- Could not find RTI Connext - skipping rosidl_typesupport_connext_cpp\n'}
[5.110000] (-) TimerEvent: {}
[5.188000] (joystick_publisher) StdoutLine: {'line': b'running egg_info\r\n'}
[5.188000] (flir_subscriber) StdoutLine: {'line': b'running egg_info\r\n'}
[5.219000] (-) TimerEvent: {}
[5.235000] (joystick_publisher) StdoutLine: {'line': b'writing ..\\..\\build\\joystick_publisher\\joystick_publisher.egg-info\\PKG-INFO\r\n'}
[5.235000] (flir_subscriber) StdoutLine: {'line': b'writing ..\\..\\build\\flir_subscriber\\flir_subscriber.egg-info\\PKG-INFO\r\n'}
[5.235000] (flir_subscriber) StdoutLine: {'line': b'writing dependency_links to ..\\..\\build\\flir_subscriber\\flir_subscriber.egg-info\\dependency_links.txt\r\n'}
[5.344000] (-) TimerEvent: {}
[5.344000] (flir_subscriber) StdoutLine: {'line': b'writing entry points to ..\\..\\build\\flir_subscriber\\flir_subscriber.egg-info\\entry_points.txt\r\n'}
[5.344000] (flir_subscriber) StdoutLine: {'line': b'writing requirements to ..\\..\\build\\flir_subscriber\\flir_subscriber.egg-info\\requires.txt\r\n'}
[5.344000] (flir_subscriber) StdoutLine: {'line': b'writing top-level names to ..\\..\\build\\flir_subscriber\\flir_subscriber.egg-info\\top_level.txt\r\n'}
[5.344000] (flir_subscriber) StdoutLine: {'line': b"reading manifest file '..\\..\\build\\flir_subscriber\\flir_subscriber.egg-info\\SOURCES.txt'\r\n"}
[5.344000] (flir_subscriber) StdoutLine: {'line': b"writing manifest file '..\\..\\build\\flir_subscriber\\flir_subscriber.egg-info\\SOURCES.txt'\r\n"}
[5.344000] (flir_subscriber) StdoutLine: {'line': b'running build\r\n'}
[5.344000] (flir_subscriber) StdoutLine: {'line': b'running build_py\r\n'}
[5.344000] (flir_subscriber) StdoutLine: {'line': b'running install\r\n'}
[5.344000] (flir_subscriber) StdoutLine: {'line': b'running install_lib\r\n'}
[5.469000] (-) TimerEvent: {}
[5.469000] (joystick_publisher) StdoutLine: {'line': b'writing dependency_links to ..\\..\\build\\joystick_publisher\\joystick_publisher.egg-info\\dependency_links.txt\r\n'}
[5.469000] (joystick_publisher) StdoutLine: {'line': b'writing entry points to ..\\..\\build\\joystick_publisher\\joystick_publisher.egg-info\\entry_points.txt\r\n'}
[5.469000] (joystick_publisher) StdoutLine: {'line': b'writing requirements to ..\\..\\build\\joystick_publisher\\joystick_publisher.egg-info\\requires.txt\r\n'}
[5.469000] (joystick_publisher) StdoutLine: {'line': b'writing top-level names to ..\\..\\build\\joystick_publisher\\joystick_publisher.egg-info\\top_level.txt\r\n'}
[5.469000] (flir_subscriber) StdoutLine: {'line': b'running install_data\r\n'}
[5.469000] (flir_subscriber) StdoutLine: {'line': b'running install_egg_info\r\n'}
[5.469000] (joystick_publisher) StdoutLine: {'line': b"reading manifest file '..\\..\\build\\joystick_publisher\\joystick_publisher.egg-info\\SOURCES.txt'\r\n"}
[5.469000] (joystick_publisher) StdoutLine: {'line': b"writing manifest file '..\\..\\build\\joystick_publisher\\joystick_publisher.egg-info\\SOURCES.txt'\r\n"}
[5.469000] (joystick_publisher) StdoutLine: {'line': b'running build\r\n'}
[5.469000] (joystick_publisher) StdoutLine: {'line': b'running build_py\r\n'}
[5.469000] (joystick_publisher) StdoutLine: {'line': b'running install\r\n'}
[5.469000] (joystick_publisher) StdoutLine: {'line': b'running install_lib\r\n'}
[5.469000] (flir_subscriber) StdoutLine: {'line': b"removing 'E:\\Projects\\AUV\\DROPLAB\\ros_ws\\install\\flir_subscriber\\Lib\\site-packages\\flir_subscriber-0.0.0-py3.8.egg-info' (and everything under it)\r\n"}
[5.469000] (flir_subscriber) StdoutLine: {'line': b'Copying ..\\..\\build\\flir_subscriber\\flir_subscriber.egg-info to E:\\Projects\\AUV\\DROPLAB\\ros_ws\\install\\flir_subscriber\\Lib\\site-packages\\flir_subscriber-0.0.0-py3.8.egg-info\r\n'}
[5.469000] (flir_subscriber) StdoutLine: {'line': b'running install_scripts\r\n'}
[5.485000] (joystick_publisher) StdoutLine: {'line': b'creating E:\\Projects\\AUV\\DROPLAB\\ros_ws\\install\\joystick_publisher\\Lib\\site-packages\\joystick_publisher\r\n'}
[5.485000] (joystick_publisher) StdoutLine: {'line': b'copying E:\\Projects\\AUV\\DROPLAB\\ros_ws\\build\\joystick_publisher\\build\\lib\\joystick_publisher\\joystick_publisher_node.py -> E:\\Projects\\AUV\\DROPLAB\\ros_ws\\install\\joystick_publisher\\Lib\\site-packages\\joystick_publisher\r\n'}
[5.485000] (joystick_publisher) StdoutLine: {'line': b'copying E:\\Projects\\AUV\\DROPLAB\\ros_ws\\build\\joystick_publisher\\build\\lib\\joystick_publisher\\__init__.py -> E:\\Projects\\AUV\\DROPLAB\\ros_ws\\install\\joystick_publisher\\Lib\\site-packages\\joystick_publisher\r\n'}
[5.485000] (joystick_publisher) StdoutLine: {'line': b'byte-compiling E:\\Projects\\AUV\\DROPLAB\\ros_ws\\install\\joystick_publisher\\Lib\\site-packages\\joystick_publisher\\joystick_publisher_node.py to joystick_publisher_node.cpython-38.pyc\r\n'}
[5.485000] (joystick_publisher) StdoutLine: {'line': b'byte-compiling E:\\Projects\\AUV\\DROPLAB\\ros_ws\\install\\joystick_publisher\\Lib\\site-packages\\joystick_publisher\\__init__.py to __init__.cpython-38.pyc\r\n'}
[5.500000] (joystick_publisher) StdoutLine: {'line': b'running install_data\r\n'}
[5.532000] (joystick_publisher) StdoutLine: {'line': b'creating E:\\Projects\\AUV\\DROPLAB\\ros_ws\\install\\joystick_publisher\\share\\ament_index\r\n'}
[5.532000] (joystick_publisher) StdoutLine: {'line': b'creating E:\\Projects\\AUV\\DROPLAB\\ros_ws\\install\\joystick_publisher\\share\\ament_index\\resource_index\r\n'}
[5.532000] (joystick_publisher) StdoutLine: {'line': b'creating E:\\Projects\\AUV\\DROPLAB\\ros_ws\\install\\joystick_publisher\\share\\ament_index\\resource_index\\packages\r\n'}
[5.532000] (joystick_publisher) StdoutLine: {'line': b'copying resource\\joystick_publisher -> E:\\Projects\\AUV\\DROPLAB\\ros_ws\\install\\joystick_publisher\\share\\ament_index\\resource_index\\packages\r\n'}
[5.532000] (joystick_publisher) StdoutLine: {'line': b'copying package.xml -> E:\\Projects\\AUV\\DROPLAB\\ros_ws\\install\\joystick_publisher\\share\\joystick_publisher\r\n'}
[5.547000] (joystick_publisher) StdoutLine: {'line': b'running install_egg_info\r\n'}
[5.579000] (-) TimerEvent: {}
[5.594000] (joystick_publisher) StdoutLine: {'line': b'Copying ..\\..\\build\\joystick_publisher\\joystick_publisher.egg-info to E:\\Projects\\AUV\\DROPLAB\\ros_ws\\install\\joystick_publisher\\Lib\\site-packages\\joystick_publisher-0.0.0-py3.8.egg-info\r\n'}
[5.610000] (joystick_publisher) StdoutLine: {'line': b'running install_scripts\r\n'}
[5.688000] (-) TimerEvent: {}
[5.797000] (-) TimerEvent: {}
[5.907000] (-) TimerEvent: {}
[5.922000] (flir_subscriber) StdoutLine: {'line': b'Installing flir_subscriber_node-script.py script to E:\\Projects\\AUV\\DROPLAB\\ros_ws\\install\\flir_subscriber\\lib\\flir_subscriber\r\n'}
[5.922000] (flir_subscriber) StdoutLine: {'line': b'Installing flir_subscriber_node.exe script to E:\\Projects\\AUV\\DROPLAB\\ros_ws\\install\\flir_subscriber\\lib\\flir_subscriber\r\n'}
[5.922000] (flir_subscriber) StdoutLine: {'line': b"writing list of installed files to 'E:\\Projects\\AUV\\DROPLAB\\ros_ws\\build\\flir_subscriber\\install.log'\r\n"}
[5.922000] (flir_subscriber) StderrLine: {'line': b'c:\\python38\\lib\\site-packages\\setuptools\\dist.py:755: SetuptoolsDeprecationWarning: Invalid dash-separated options\r\n'}
[5.922000] (flir_subscriber) StderrLine: {'line': b'!!\r\n'}
[5.922000] (flir_subscriber) StderrLine: {'line': b'\r\n'}
[5.922000] (flir_subscriber) StderrLine: {'line': b'        ********************************************************************************\r\n'}
[5.922000] (flir_subscriber) StderrLine: {'line': b"        Usage of dash-separated 'script-dir' will not be supported in future\r\n"}
[5.922000] (flir_subscriber) StderrLine: {'line': b"        versions. Please use the underscore name 'script_dir' instead.\r\n"}
[5.922000] (flir_subscriber) StderrLine: {'line': b'\r\n'}
[5.922000] (flir_subscriber) StderrLine: {'line': b'        By 2023-Sep-26, you need to update your project and remove deprecated calls\r\n'}
[5.922000] (flir_subscriber) StderrLine: {'line': b'        or your builds will no longer be supported.\r\n'}
[5.922000] (flir_subscriber) StderrLine: {'line': b'\r\n'}
[5.922000] (flir_subscriber) StderrLine: {'line': b'        See https://setuptools.pypa.io/en/latest/userguide/declarative_config.html for details.\r\n'}
[5.938000] (flir_subscriber) StderrLine: {'line': b'        ********************************************************************************\r\n'}
[5.938000] (flir_subscriber) StderrLine: {'line': b'\r\n'}
[5.938000] (flir_subscriber) StderrLine: {'line': b'!!\r\n'}
[5.938000] (flir_subscriber) StderrLine: {'line': b'  opt = self.warn_dash_deprecation(opt, section)\r\n'}
[6.047000] (-) TimerEvent: {}
[6.047000] (flir_subscriber) StderrLine: {'line': b'c:\\python38\\lib\\site-packages\\setuptools\\_distutils\\cmd.py:66: SetuptoolsDeprecationWarning: setup.py install is deprecated.\r\n'}
[6.047000] (flir_subscriber) StderrLine: {'line': b'!!\r\n'}
[6.047000] (flir_subscriber) StderrLine: {'line': b'\r\n'}
[6.047000] (flir_subscriber) StderrLine: {'line': b'        ********************************************************************************\r\n'}
[6.047000] (flir_subscriber) StderrLine: {'line': b'        Please avoid running ``setup.py`` directly.\r\n'}
[6.047000] (flir_subscriber) StderrLine: {'line': b'        Instead, use pypa/build, pypa/installer, pypa/build or\r\n'}
[6.047000] (flir_subscriber) StderrLine: {'line': b'        other standards-based tools.\r\n'}
[6.047000] (flir_subscriber) StderrLine: {'line': b'\r\n'}
[6.047000] (flir_subscriber) StderrLine: {'line': b'        See https://blog.ganssle.io/articles/2021/10/setup-py-deprecated.html for details.\r\n'}
[6.047000] (flir_subscriber) StderrLine: {'line': b'        ********************************************************************************\r\n'}
[6.047000] (flir_subscriber) StderrLine: {'line': b'\r\n'}
[6.047000] (flir_subscriber) StderrLine: {'line': b'!!\r\n'}
[6.047000] (flir_subscriber) StderrLine: {'line': b'  self.initialize_options()\r\n'}
[6.047000] (flir_subscriber) CommandEnded: {'returncode': 0}
[6.172000] (-) TimerEvent: {}
[6.172000] (flir_subscriber) JobEnded: {'identifier': 'flir_subscriber', 'rc': 0}
[6.172000] (joystick_publisher) StdoutLine: {'line': b'Installing joystick_publisher_node-script.py script to E:\\Projects\\AUV\\DROPLAB\\ros_ws\\install\\joystick_publisher\\lib\\joystick_publisher\r\n'}
[6.172000] (joystick_publisher) StdoutLine: {'line': b'Installing joystick_publisher_node.exe script to E:\\Projects\\AUV\\DROPLAB\\ros_ws\\install\\joystick_publisher\\lib\\joystick_publisher\r\n'}
[6.172000] (joystick_publisher) StdoutLine: {'line': b"writing list of installed files to 'E:\\Projects\\AUV\\DROPLAB\\ros_ws\\build\\joystick_publisher\\install.log'\r\n"}
[6.172000] (joystick_publisher) StderrLine: {'line': b'c:\\python38\\lib\\site-packages\\setuptools\\dist.py:755: SetuptoolsDeprecationWarning: Invalid dash-separated options\r\n'}
[6.172000] (joystick_publisher) StderrLine: {'line': b'!!\r\n'}
[6.172000] (joystick_publisher) StderrLine: {'line': b'\r\n'}
[6.172000] (joystick_publisher) StderrLine: {'line': b'        ********************************************************************************\r\n'}
[6.172000] (joystick_publisher) StderrLine: {'line': b"        Usage of dash-separated 'script-dir' will not be supported in future\r\n"}
[6.172000] (joystick_publisher) StderrLine: {'line': b"        versions. Please use the underscore name 'script_dir' instead.\r\n"}
[6.172000] (joystick_publisher) StderrLine: {'line': b'\r\n'}
[6.172000] (joystick_publisher) StderrLine: {'line': b'        By 2023-Sep-26, you need to update your project and remove deprecated calls\r\n'}
[6.172000] (joystick_publisher) StderrLine: {'line': b'        or your builds will no longer be supported.\r\n'}
[6.172000] (joystick_publisher) StderrLine: {'line': b'\r\n'}
[6.172000] (joystick_publisher) StderrLine: {'line': b'        See https://setuptools.pypa.io/en/latest/userguide/declarative_config.html for details.\r\n'}
[6.172000] (joystick_publisher) StderrLine: {'line': b'        ********************************************************************************\r\n'}
[6.172000] (joystick_publisher) StderrLine: {'line': b'\r\n'}
[6.172000] (joystick_publisher) StderrLine: {'line': b'!!\r\n'}
[6.172000] (joystick_publisher) StderrLine: {'line': b'  opt = self.warn_dash_deprecation(opt, section)\r\n'}
[6.172000] (joystick_publisher) StderrLine: {'line': b'c:\\python38\\lib\\site-packages\\setuptools\\_distutils\\cmd.py:66: SetuptoolsDeprecationWarning: setup.py install is deprecated.\r\n'}
[6.172000] (joystick_publisher) StderrLine: {'line': b'!!\r\n'}
[6.172000] (joystick_publisher) StderrLine: {'line': b'\r\n'}
[6.172000] (joystick_publisher) StderrLine: {'line': b'        ********************************************************************************\r\n'}
[6.172000] (joystick_publisher) StderrLine: {'line': b'        Please avoid running ``setup.py`` directly.\r\n'}
[6.172000] (joystick_publisher) StderrLine: {'line': b'        Instead, use pypa/build, pypa/installer, pypa/build or\r\n'}
[6.172000] (joystick_publisher) StderrLine: {'line': b'        other standards-based tools.\r\n'}
[6.172000] (joystick_publisher) StderrLine: {'line': b'\r\n'}
[6.172000] (joystick_publisher) StderrLine: {'line': b'        See https://blog.ganssle.io/articles/2021/10/setup-py-deprecated.html for details.\r\n'}
[6.172000] (joystick_publisher) StderrLine: {'line': b'        ********************************************************************************\r\n'}
[6.172000] (joystick_publisher) StderrLine: {'line': b'\r\n'}
[6.172000] (joystick_publisher) StderrLine: {'line': b'!!\r\n'}
[6.172000] (joystick_publisher) StderrLine: {'line': b'  self.initialize_options()\r\n'}
[6.219000] (joystick_publisher) CommandEnded: {'returncode': 0}
[6.235000] (joystick_publisher) JobEnded: {'identifier': 'joystick_publisher', 'rc': 0}
[6.282000] (-) TimerEvent: {}
[6.391000] (-) TimerEvent: {}
[6.500000] (-) TimerEvent: {}
[6.610000] (-) TimerEvent: {}
[6.719000] (-) TimerEvent: {}
[6.829000] (-) TimerEvent: {}
[6.938000] (-) TimerEvent: {}
[7.047000] (-) TimerEvent: {}
[7.157000] (-) TimerEvent: {}
[7.266000] (-) TimerEvent: {}
[7.375000] (-) TimerEvent: {}
[7.485000] (-) TimerEvent: {}
[7.594000] (-) TimerEvent: {}
[7.704000] (-) TimerEvent: {}
[7.813000] (-) TimerEvent: {}
[7.922000] (-) TimerEvent: {}
[8.032000] (-) TimerEvent: {}
[8.157000] (-) TimerEvent: {}
[8.266000] (-) TimerEvent: {}
[8.375000] (-) TimerEvent: {}
[8.485000] (-) TimerEvent: {}
[8.594000] (-) TimerEvent: {}
[8.704000] (-) TimerEvent: {}
[8.813000] (-) TimerEvent: {}
[8.922000] (-) TimerEvent: {}
[9.032000] (-) TimerEvent: {}
[9.141000] (-) TimerEvent: {}
[9.157000] (cpp_pubsub) StdoutLine: {'line': b'-- Using all available rosidl_typesupport_cpp: rosidl_typesupport_connext_cpp;rosidl_typesupport_fastrtps_cpp;rosidl_typesupport_introspection_cpp\n'}
[9.250000] (-) TimerEvent: {}
[9.313000] (cpp_pubsub) StdoutLine: {'line': b'-- Found rmw_implementation_cmake: 1.0.4 (E:/dev/ros2_foxy/share/rmw_implementation_cmake/cmake)\n'}
[9.329000] (cpp_pubsub) StdoutLine: {'line': b"-- Using RMW implementation 'rmw_fastrtps_cpp' as default\n"}
[9.360000] (-) TimerEvent: {}
[9.469000] (-) TimerEvent: {}
[9.547000] (cpp_pubsub) StdoutLine: {'line': b'-- Found std_msgs: 2.0.5 (E:/dev/ros2_foxy/share/std_msgs/cmake)\n'}
[9.579000] (-) TimerEvent: {}
[9.688000] (-) TimerEvent: {}
[9.782000] (cpp_pubsub) StdoutLine: {'line': b'-- Configuring done (6.7s)\n'}
[9.797000] (-) TimerEvent: {}
[9.907000] (-) TimerEvent: {}
[10.016000] (-) TimerEvent: {}
[10.079000] (cpp_pubsub) StdoutLine: {'line': b'-- Generating done (0.2s)\n'}
[10.079000] (cpp_pubsub) StdoutLine: {'line': b'-- Build files have been written to: E:/Projects/AUV/DROPLAB/ros_ws/build/cpp_pubsub\n'}
[10.094000] (cpp_pubsub) CommandEnded: {'returncode': 0}
[10.094000] (cpp_pubsub) JobProgress: {'identifier': 'cpp_pubsub', 'progress': 'build'}
[10.094000] (cpp_pubsub) Command: {'cmd': ['C:\\Program Files\\CMake\\bin\\cmake.EXE', '--build', 'E:\\Projects\\AUV\\DROPLAB\\ros_ws\\build\\cpp_pubsub', '--config', 'Release'], 'cwd': 'E:\\Projects\\AUV\\DROPLAB\\ros_ws\\build\\cpp_pubsub', 'env': {'ADSK_3DSMAX_x64_2019': 'E:\\Program Files\\Autodesk\\3ds Max 2019\\', 'ADSK_3DSMAX_x64_2020': 'E:\\Program Files\\Autodesk\\3ds Max 2020\\', 'ALLUSERSPROFILE': 'C:\\ProgramData', 'AMENT_PREFIX_PATH': 'E:\\dev\\ros2_foxy', 'ANSYS222_DIR': 'E:\\Program Files\\ANSYS Inc\\ANSYS Student\\v222\\ANSYS', 'APPDATA': 'C:\\Users\\LorentzPie\\AppData\\Roaming', 'AWP_LOCALE222': 'en-us', 'AWP_ROOT222': 'E:\\Program Files\\ANSYS Inc\\ANSYS Student\\v222', 'CADOE_LIBDIR222': 'E:\\Program Files\\ANSYS Inc\\ANSYS Student\\v222\\CommonFiles\\Language\\en-us', 'ChocolateyInstall': 'C:\\ProgramData\\chocolatey', 'ChocolateyLastPathUpdate': '133292593384215774', 'CLion': 'E:\\Program Files\\JetBrains\\CLion 2022.2.1\\bin;', 'CMAKE_PREFIX_PATH': 'E:\\dev\\ros2_foxy', 'COLCON': '1', 'COLCON_PREFIX_PATH': 'E:\\dev\\ros2_foxy\\', 'CommonProgramFiles': 'C:\\Program Files\\Common Files', 'CommonProgramFiles(x86)': 'C:\\Program Files (x86)\\Common Files', 'CommonProgramW6432': 'C:\\Program Files\\Common Files', 'COMPUTERNAME': 'LAPTOP-P2S9LHVB', 'ComSpec': 'C:\\WINDOWS\\system32\\cmd.exe', 'CUDA_CACHE_MAXSIZE': '268435456', 'DriverData': 'C:\\Windows\\System32\\Drivers\\DriverData', 'EFC_20324': '1', 'FPS_BROWSER_APP_PROFILE_STRING': 'Internet Explorer', 'FPS_BROWSER_USER_PROFILE_STRING': 'Default', 'GOPATH': 'C:\\Users\\LorentzPie\\go', 'HOMEDRIVE': 'C:', 'HOMEPATH': '\\Users\\LorentzPie', 'INTEL_DEV_REDIST': 'C:\\Program Files (x86)\\Common Files\\Intel\\Shared Libraries\\', 'LOCALAPPDATA': 'C:\\Users\\LorentzPie\\AppData\\Local', 'LOGONSERVER': '\\\\LAPTOP-P2S9LHVB', 'LSTC_LICENSE': 'Ansys', 'MAYA_UI_LANGUAGE': 'en_US', 'MIC_LD_LIBRARY_PATH': 'C:\\Program Files (x86)\\Common Files\\Intel\\Shared Libraries\\compiler\\lib\\mic', 'NUMBER_OF_PROCESSORS': '16', 'OneDrive': 'C:\\Users\\LorentzPie\\OneDrive', 'OpenCV_DIR': 'E:\\Program Files\\opencv-3.4.6-vc16.VS2019\\opencv', 'OPENSSL_CONF': 'C:\\Program Files\\OpenSSL-Win64\\bin\\openssl.cfg', 'OS': 'Windows_NT', 'Path': 'E:\\dev\\ros2_foxy\\opt\\yaml_cpp_vendor\\bin;E:\\dev\\ros2_foxy\\opt\\rviz_ogre_vendor\\bin;E:\\dev\\ros2_foxy\\opt\\rviz_assimp_vendor\\bin;E:\\dev\\ros2_foxy\\opt\\libcurl_vendor\\bin;E:\\dev\\ros2_foxy\\Scripts;E:\\dev\\ros2_foxy\\bin;C:\\Python38\\Scripts\\;C:\\Python38\\;C:\\Program Files (x86)\\NVIDIA Corporation\\PhysX\\Common;E:\\Program Files\\Python\\Python-3.9.6\\Scripts\\;E:\\Program Files\\Python\\Python-3.9.6\\;C:\\Program Files\\Common Files\\Oracle\\Java\\javapath;C:\\Program Files (x86)\\Common Files\\Intel\\Shared Libraries\\redist\\intel64\\compiler;C:\\Windows\\system32;C:\\Windows;C:\\Windows\\System32\\Wbem;C:\\Windows\\System32\\WindowsPowerShell\\v1.0\\;C:\\Windows\\System32\\OpenSSH\\;C:\\Program Files\\NVIDIA Corporation\\NVIDIA NvDLISR;C:\\Program Files (x86)\\Windows Kits\\8.1\\Windows Performance Toolkit\\;C:\\Program Files\\dotnet\\;C:\\Program Files\\Common Files\\Autodesk Shared\\;C:\\Program Files\\Wolfram Research\\WolframScript\\;C:\\WINDOWS\\system32;C:\\WINDOWS;C:\\WINDOWS\\System32\\Wbem;C:\\WINDOWS\\System32\\WindowsPowerShell\\v1.0\\;C:\\WINDOWS\\System32\\OpenSSH\\;E:\\Program Files\\PuTTY\\;E:\\Program Files\\Go\\bin;C:\\Users\\LorentzPie;C:\\Program Files\\MySQL\\MySQL Server 8.0\\bin;E:\\Program Files\\Git\\cmd;E:\\MinGW\\bin;E:\\Program Files\\MATLAB\\R2022a\\bin;C:\\Program Files (x86)\\STMicroelectronics\\STM32 ST-LINK Utility\\ST-LINK Utility;C:\\Program Files\\Microsoft SQL Server\\Client SDK\\ODBC\\110\\Tools\\Binn\\;C:\\Program Files (x86)\\Microsoft SQL Server\\120\\Tools\\Binn\\;C:\\Program Files\\Microsoft SQL Server\\120\\Tools\\Binn\\;C:\\Program Files\\Microsoft SQL Server\\120\\DTS\\Binn\\;C:\\Program Files (x86)\\Windows Kits\\10\\Windows Performance Toolkit\\;C:\\ProgramData\\chocolatey\\bin;E:\\Program Files\\OpenSSL-Win64\\bin;E:\\Program Files\\opencv-3.4.6-vc16.VS2019\\opencv\\x64\\vc16\\bin;C:\\Program Files\\CMake\\bin;C:\\ProgramData\\chocolatey\\lib\\cunit\\lib;C:\\ProgramData\\chocolatey\\lib\\tinyxml2\\lib;C:\\ProgramData\\chocolatey\\lib\\log4cxx\\lib;C:\\ProgramData\\chocolatey\\lib\\bullet\\lib;C:\\Program Files\\Graphviz\\bin;;C:\\Program Files\\Docker\\Docker\\resources\\bin;E:\\Projects\\cmusyllabi;E:\\anaconda3;E:\\anaconda3\\Library\\mingw-w64\\bin;E:\\anaconda3\\Library\\usr\\bin;E:\\anaconda3\\Library\\bin;E:\\anaconda3\\Scripts;E:\\anaconda3\\bin;E:\\anaconda3\\condabin;E:\\Program Files (x86)\\VMware\\VMware Workstation\\bin;C:\\Program Files\\Common Files\\Oracle\\Java\\javapath;C:\\Program Files (x86)\\Common Files\\Intel\\Shared Libraries\\redist\\intel64\\compiler;C:\\Windows\\system32;C:\\Windows;C:\\Windows\\System32\\Wbem;C:\\Windows\\System32\\WindowsPowerShell\\v1.0;C:\\Windows\\System32\\OpenSSH;C:\\Program Files (x86)\\NVIDIA Corporation\\PhysX\\Common;C:\\Program Files\\NVIDIA Corporation\\NVIDIA NvDLISR;C:\\Program Files\\Microsoft SQL Server\\120\\Tools\\Binn;E:\\Program Files\\MATLAB\\R2021a\\runtime\\win64;E:\\Program Files\\MATLAB\\R2021a\\bin;C:\\Program Files\\Microsoft SQL Server\\Client SDK\\ODBC\\110\\Tools\\Binn;C:\\Program Files (x86)\\Microsoft SQL Server\\120\\Tools\\Binn;C:\\Program Files\\Microsoft SQL Server\\120\\DTS\\Binn;C:\\Program Files (x86)\\Windows Kits\\8.1\\Windows Performance Toolkit;C:\\Program Files\\dotnet;C:\\Program File;E:\\Program Files\\Microsoft VS Code\\bin;C:\\Users\\LorentzPie\\.ebcli-virtual-env\\executables;E:\\Program Files\\JetBrains\\CLion 2022.2.1\\bin;;C:\\Program Files\\Mozilla Firefox\\Driver;C:\\Program Files\\Google\\Chrome\\Application;E:\\intelFPGA_lite\\18.1\\modelsim_ase\\win32aloem;E:\\Program Files\\texlive\\2023\\bin\\windows;C:\\Users\\LorentzPie\\AppData\\Local\\Microsoft\\WindowsApps;C:\\Program Files\\Graphviz\\bin;', 'PATHEXT': '.COM;.EXE;.BAT;.CMD;.VBS;.VBE;.JS;.JSE;.WSF;.WSH;.MSC;.PY;.PYW', 'PKG_CONFIG_PATH': 'E:\\dev\\ros2_foxy\\lib\\pkgconfig', 'PROCESSOR_ARCHITECTURE': 'AMD64', 'PROCESSOR_IDENTIFIER': 'AMD64 Family 25 Model 80 Stepping 0, AuthenticAMD', 'PROCESSOR_LEVEL': '25', 'PROCESSOR_REVISION': '5000', 'ProgramData': 'C:\\ProgramData', 'ProgramFiles': 'C:\\Program Files', 'ProgramFiles(x86)': 'C:\\Program Files (x86)', 'ProgramW6432': 'C:\\Program Files', 'PROMPT': '$P$G', 'PSModulePath': 'C:\\Program Files\\WindowsPowerShell\\Modules;C:\\WINDOWS\\system32\\WindowsPowerShell\\v1.0\\Modules;C:\\Program Files (x86)\\Microsoft SQL Server\\120\\Tools\\PowerShell\\Modules\\', 'PUBLIC': 'C:\\Users\\Public', 'PYTHONPATH': 'E:\\dev\\ros2_foxy\\Lib\\site-packages', 'P_SCHEMA': 'E:\\Program Files\\ANSYS Inc\\ANSYS Student\\v222\\AISOL\\CADIntegration\\Parasolid\\PSchema', 'QSYS_ROOTDIR': 'E:\\intelFPGA_lite\\18.1\\quartus\\sopc_builder\\bin', 'QUARTUS_ROOTDIR': 'E:\\intelFPGA_lite\\18.1\\quartus', 'ROS_DISTRO': 'foxy', 'ROS_LOCALHOST_ONLY': '0', 'ROS_PYTHON_VERSION': '3', 'ROS_VERSION': '2', 'SESSIONNAME': 'Console', 'SOLIDWORKS_SHARED': 'C:\\Program Files\\Common Files\\SOLIDWORKS Shared\\2021', 'SOPC_KIT_NIOS2': 'E:\\intelFPGA_lite\\18.1\\nios2eds', 'SW_SIM_HYDRA': 'C:\\Program Files\\Common Files\\SolidWorks Shared\\Simulation Worker Agent\\', 'SW_SIM_MPIT': 'INTELMPI', 'SW_SIM_TEMP': 'C:\\ProgramData\\SOLIDWORKS\\SW_net_sim_temp\\', 'SystemDrive': 'C:', 'SystemRoot': 'C:\\WINDOWS', 'TEMP': 'C:\\Users\\LORENT~1\\AppData\\Local\\Temp', 'TMP': 'C:\\Users\\LORENT~1\\AppData\\Local\\Temp', 'USERDOMAIN': 'LAPTOP-P2S9LHVB', 'USERDOMAIN_ROAMINGPROFILE': 'LAPTOP-P2S9LHVB', 'USERNAME': 'ElectroBrandy', 'USERPROFILE': 'C:\\Users\\LorentzPie', 'VRAY_SEND_FEEDBACK': '0', 'windir': 'C:\\WINDOWS', 'CL': '/MP'}, 'shell': False}
[10.141000] (-) TimerEvent: {}
[10.250000] (-) TimerEvent: {}
[10.375000] (-) TimerEvent: {}
[10.485000] (-) TimerEvent: {}
[10.688000] (-) TimerEvent: {}
[10.797000] (-) TimerEvent: {}
[10.875000] (cpp_pubsub) StdoutLine: {'line': b'MSBuild version 17.5.1+f6fdcf537 for .NET Framework\r\n'}
[10.907000] (-) TimerEvent: {}
[11.016000] (-) TimerEvent: {}
[11.047000] (cpp_pubsub) StdoutLine: {'line': b'\r\n'}
[11.125000] (-) TimerEvent: {}
[11.235000] (-) TimerEvent: {}
[11.344000] (-) TimerEvent: {}
[11.454000] (-) TimerEvent: {}
[11.563000] (-) TimerEvent: {}
[11.672000] (-) TimerEvent: {}
[11.766000] (cpp_pubsub) StdoutLine: {'line': b'  Checking Build System\r\n'}
[11.782000] (-) TimerEvent: {}
[11.907000] (-) TimerEvent: {}
[12.000000] (cpp_pubsub) StdoutLine: {'line': b'  Building Custom Rule E:/Projects/AUV/DROPLAB/ros_ws/src/cpp_pubsub/CMakeLists.txt\r\n'}
[12.016000] (-) TimerEvent: {}
[12.125000] (-) TimerEvent: {}
[12.235000] (-) TimerEvent: {}
[12.235000] (cpp_pubsub) StdoutLine: {'line': b'  listener.vcxproj -> E:\\Projects\\AUV\\DROPLAB\\ros_ws\\build\\cpp_pubsub\\Release\\listener.exe\r\n'}
[12.329000] (cpp_pubsub) StdoutLine: {'line': b'  Building Custom Rule E:/Projects/AUV/DROPLAB/ros_ws/src/cpp_pubsub/CMakeLists.txt\r\n'}
[12.344000] (-) TimerEvent: {}
[12.454000] (-) TimerEvent: {}
[12.563000] (-) TimerEvent: {}
[12.672000] (-) TimerEvent: {}
[12.782000] (-) TimerEvent: {}
[12.891000] (-) TimerEvent: {}
[13.000000] (-) TimerEvent: {}
[13.110000] (-) TimerEvent: {}
[13.219000] (-) TimerEvent: {}
[13.375000] (-) TimerEvent: {}
[13.485000] (-) TimerEvent: {}
[13.594000] (-) TimerEvent: {}
[13.704000] (-) TimerEvent: {}
[13.813000] (-) TimerEvent: {}
[13.922000] (-) TimerEvent: {}
[14.032000] (-) TimerEvent: {}
[14.141000] (-) TimerEvent: {}
[14.250000] (-) TimerEvent: {}
[14.360000] (-) TimerEvent: {}
[14.375000] (cpp_pubsub) StdoutLine: {'line': b'publisher_member_function.obj : error LNK2019: unresolved external symbol "struct rosidl_message_type_support_t const * __cdecl rosidl_typesupport_cpp::get_message_type_support_handle<struct sensor_msgs::msg::Joy_<class std::allocator<void> > >(void)" (??$get_message_type_support_handle@U?$Joy_@V?$allocator@X@std@@@msg@sensor_msgs@@@rosidl_typesupport_cpp@@YAPEBUrosidl_message_type_support_t@@XZ) referenced in function "public: __cdecl rclcpp::Publisher<struct sensor_msgs::msg::Joy_<class std::allocator<void> >,class std::allocator<void> >::Publisher<struct sensor_msgs::msg::Joy_<class std::allocator<void> >,class std::allocator<void> >(class rclcpp::node_interfaces::NodeBaseInterface *,class std::basic_string<char,struct std::char_traits<char>,class std::allocator<char> > const &,class rclcpp::QoS const &,struct rclcpp::PublisherOptionsWithAllocator<class std::allocator<void> > const &)" (??0?$Publisher@U?$Joy_@V?$allocator@X@std@@@msg@sensor_msgs@@V?$allocator@X@std@@@rclcpp@@QEAA@PEAVNodeBaseInterface@node_interfaces@1@AEBV?$basic_string@DU?$char_traits@D@std@@V?$allocator@D@2@@std@@AEBVQoS@1@AEBU?$PublisherOptionsWithAllocator@V?$allocator@X@std@@@1@@Z) [E:\\Projects\\AUV\\DROPLAB\\ros_ws\\build\\cpp_pubsub\\talker.vcxproj]\r\n'}
[14.375000] (cpp_pubsub) StdoutLine: {'line': b'E:\\Projects\\AUV\\DROPLAB\\ros_ws\\build\\cpp_pubsub\\Release\\talker.exe : fatal error LNK1120: 1 unresolved externals [E:\\Projects\\AUV\\DROPLAB\\ros_ws\\build\\cpp_pubsub\\talker.vcxproj]\r\n'}
[14.438000] (cpp_pubsub) CommandEnded: {'returncode': 1}
[14.469000] (-) TimerEvent: {}
[14.485000] (cpp_pubsub) JobEnded: {'identifier': 'cpp_pubsub', 'rc': 1}
[14.485000] (-) EventReactorShutdown: {}
